第49季：A级精子、关于建立正确的性观念

前言：
关于洗脑一词，不少戒友看到洗脑可能觉得这个词不好，貌似是贬义词，比如传销洗脑。其实这个词是个中性词，可以用作褒义词，也可用于贬义词。中国现在100个人当中，几乎100个都被无害论洗过脑，只是他们自己并不知道，还以为无害论是对的。无害论在杂志、网络上很泛滥，看无害论就会被无害论洗脑。就像广告每天播放几十遍，也是在给观众洗脑。我们既然来到戒色吧，知道了撸管的真相，那就要不断用戒色文章给自己洗脑，净化自己的思想意识，通过学习不断提高自己的觉悟，这样才能最终降伏心魔，同时要把无害论从大脑中彻底除去。特别是新人，一定要禁看无害论，因为新人的思想误区有很多，觉悟尚浅，没有分辨能力，新人只要一看无害论，戒色立场马上就会产生动摇。戒色网 - 戒淫网-https://www.jiexy.com/40000.html
洗脑分好的洗脑和坏的洗脑，传销就是坏的洗脑，是在害你。而戒色文章的灌输，则是好的洗脑，是在救你。著名中医李可也说到过洗脑一词，他也用作褒义词，比如他说“对老中青三代中医，特别是受西化影响较深的现代中医，更要彻底洗脑，以不辜负中医复兴大业的使命！”所以，大家不要误会洗脑一词，以为洗脑不好，其实生活中到处可见洗脑现象。好的洗脑是在拯救我们，而不是害我们，这点一定要是非分明。洗脑就像洗脏衣服，一定要反复灌输戒色文章，才能达到净化思想意识的效果。同时，我们也要看到自己的进步，比如，你原来一天有50个意婬念头，而现在通过学习，你的意婬念头减少至10个以内，这就是进步，再通过不断学习，真正做到念起即断，念起不随，念起即觉，觉之即无。这个断意婬的功夫有了，戒色层次就上去了。过了意婬关，就成功了一半。大家不用忌讳洗脑，你可以说洗脑，你也可以说净化思想意识，这是一种意思的两种表达，其实就是一种意思。比如去坐牢，监狱里是说好好改造思想，其实也是洗脑。洗脑有好几种说法，但意思其实就是一个，那就是净化你的思想意识，改造你的思想意识。戒色洗脑，就是洗去色垢，就是洗白，让心回归纯净态。
关于运动量的把握，有好几位戒友问到了运动量应该如何把握，因为他们了解到大汗伤阳，汗者，精气也。他们害怕自己出大汗不利于身体的恢复。出汗其实是把双刃剑，运动出汗会耗损一部分精气，同时，身体的毒素也会通过汗液排出体外，另外，心肺功能和肌肉都得到了锻炼。打个比方，就像你开车从A地到B地，你通过开车到达了目的地，但同时，汽油也耗损了一部分。这个原理和锻炼的原理是一样的，锻炼出汗耗损一部分精气，但身体得到了相应的锻炼。积极锻炼是必须的，动则生阳，静则生阴，一直不动也不符合养生之道，关键是如何动，如何把握运动量。大家看猎豹的动和乌龟的动，猎豹是出大汗的动，寿命不长，但乌龟也动，但它动得很缓慢，这样动，身体既得到了锻炼，也不至于受伤。
我们锻炼要把握度，这个度是要灵活把握的，不是死的。因为每个人体质和体能情况都不同，我教给大家的方法就是，仔细观察锻炼后自己身体的反应，如果锻炼后，身体恢复比较快，没有任何不适的感觉，第二天精力充沛，那说明这个度还是比较合适的，如果你锻炼后，感觉很累，难以恢复过来，那就说明要调整了。就像一些运动队的做法，一旦运动员进入运动疲劳期，身体感觉很疲劳，训练强度跟不上，这时候教练是要做调整的，要么就是降低训练量，要么就是加强恢复，比如做按摩，做理疗，还有就是加强营养等。大汗伤阳，是医理，是没有错的，关键就是你是否伤得起，就像你有5000元，花掉500，根本不算什么，但是如果你只有1000元，花掉500，那就只剩一半了。如果你身体感觉很好，适量出点汗，是没有问题的。如果你身体很虚，锻炼后身体感觉很不好，难以恢复，这时候就要注意静养了，可以改为散步或者养生功法，比如八段锦、六字诀等。先静养一段时间，等身体恢复差不多了，再慢慢加大运动量。有句话叫百练不如一走，运动方式和运动量的把握是深有讲究的，我们锻炼不要一味求多，关键是要适合自己，如果搞得每天都大汗淋漓，时间长了，那是不利于身体健康的。就像很多职业运动员普遍存在运动过度的问题，退役后已经一身伤病了，身体可能还没普通人好。
下面分享几个答疑案例
1.【飞翔大哥，我是个新人，戒色一共八次，都失败了，上次戒色天数最多47天，最后因为无意中看了黄，破了。回首八次破戒，发现自己都是看了黄，也就是看黄必破，这次破了之后，心里难过后悔，有一种想死的冲动，为什么我总是突破不了，心里郁闷、纠结、彷徨，是因为我的毅力真的那么脆弱吗？真心希望大哥给我指一条明路，跪求！】
答：不要想自杀的事情，很多人刚开始戒色都会经历失败，不必灰心，关键是要不断学习提高觉悟，你还是新人，千万不要强戒，一定要多学习提高觉悟，多总结经验教训。戒色不是仅仅靠毅力就行的。切记！
附评：我们一定要学会从失败中总结经验教训，这样下次才能戒得更好。失败是一种打击，让弱者更弱，让强者更强，因为强者懂得从失败中汲取经验教训。就像怀特兄弟发明飞机一样，在飞机上天前，他们不知失败过多少次，而他们并不气馁，而是不断总结经验教训，不断改进，最后他们成功了。怀特兄弟发明飞机时第一次试飞的路程比一架波音747飞机的机翼还短，但最后他们成功了，成功源自坚持，成功源自不断学习，不断改进。
2.【飞翔哥，我现在感觉非常痛苦和绝望，我15天遗了一次，过了4天又遗了一次，后面3天晚上连续遗精，现在感觉人很丑，状态非常不好，我固肾功也做了，为什么还是遗精？】
答：导致遗精的因素很多，你要学会自己分析，控遗那季你可以看看。第一次遗精后伤了固摄能力，那就容易出现连续遗精，所以在第一次遗精后要格外警惕和小心才是。固肾功要做到位，吉祥卧要固定姿势，其他导致遗精的诸多因素也要学会避免。加油！
附评：频遗问题是绝大多数戒友都要过的一关，过了这关，身体恢复才有基础，才能更好地恢复，如果无法克服频遗，身体就万难恢复了。关于遗精问题我写过好几季，就是希望帮助大家控制住遗精频率，控遗成功了，恢复就有地基了，否则这样连漏，即使铁人也会腿软。第一次遗精后，固摄能力就会下降，然后就容易出现连续遗精的现象，就像水龙头没关紧一样。这时候应该要把固肾功做到位，另外，就是吉祥卧要固定姿势。很多戒友真的都是遗怕了，一遗精，精气神就会下降，腿软无力也会出现，其他症状也可能出现反复，所以控遗是恢复的重中之重。
3.【老师现在要多强调“功贵其久，法贵其专”，您现在介绍的养生功法越来越多，我之前就掉入了误区，最后练杂了，反而收效不佳，殊不知养生功法都是慢功夫，功到方能成！所以选择自己感兴趣的一两种坚持练习即可！】
附评：这是净心者的建议，我觉得他说得很好。养生功法是很多的，我曾经看过一个戒友，一天要练十几种，但养生功法贵在精专，做几种即可，关键是要找对感觉，持之以恒。可以把每天都要做的放在第一位，比如站桩和打坐，其他养生功法可以灵活安排。比如树疗，可以一周做2-3次，艾灸一周1-3次，固肾功每天睡前练习。其他养生功法也有很多，比如八段锦、六字诀、拉筋、叩齿、鸣天鼓、穴位按摩、经络拍打、耳朵按摩、易筋经、太极拳、转手腕、摩腹、搓腰眼等，可以根据自己的时间来灵活安排，主项要确定，就是每天必练的，辅项可以轮流安排。
4.【老师，SOS！脱发还有没有救了，SY11年，半年前开始严重脱发，现在才20多岁啊！看着不断掉的头发，真想去死了！】
答：脱发恢复比较慢，恢复是以年计的。好好坚持戒色养生，是有望改善的，加油！你还年轻，赶紧戒了，否则将来真的可能会秃顶的。
附评：脱发戒友是比较苦恼的，如果脱发很严重，还会导致自卑，甚至引起恐慌情绪，害怕自己秃顶，特别是年纪轻轻就秃顶，那是多大的尴尬啊！脱发恢复也比较慢，急不来，只能好好坚持戒色养生，肾气一定要养足。发为肾之华，头发恢复是一个缓慢的过程，各方面都要做好，特别是控遗、养生食疗等。据我亲身体验和研究，脱发的规律也是走临界点的，有的戒友SY十年没事，但是一直在慢性积累，只是他自己不知道罢了，还以为自己没事，当SY到第11年时，恶果就显现了。过了临界点，要扭转形势就很慢了，所以脱发重在预防，防患于未然。等到真的严重脱发了，那只能慢慢恢复了。补充一点，脱发后想死的特别多，脱发对外貌和自信是一种残酷的打击。
5.【我真心想戒掉，道理我也明白，可就是戒不掉。我还有20天就高考了，可最近复习本来就很累，我还打飞机，这几天更严重了。我原来每周就一二回，可不知道最近怎么了，几乎一天一回，而且感觉白天好疲惫。有什么好方法能帮我戒掉，我确实毅力不足。】
答：压力大，属于压力破戒。道理你都懂，但你懂得不够深刻，还是要多学习提高觉悟才是，觉悟降伏心魔，之所以会破戒，还是觉悟尚浅，面对心魔，手无缚鸡之力，只有失败破戒。所以学习才是戒色的王道。你也快高考了，不要想太多，好好备战高考才是。加油！不是毅力的问题，关键是学习。
附评：人生有中考，高考，戒色则是魔考，关于魔考我还专门写过一季，心魔出题，你能答对吗？答不对的结果就是破戒，心魔就是主考官。这位戒友还是没有掌握正确的戒色方法，还以为是自己毅力不足，其实之所以戒不掉，根本原因就是自己的觉悟不行，必须努力学习提高觉悟才是。关于毅力，我打个比方，比如我给你一部车让你开，你因为没学过开车，甚至无法启动它，然后你跑下来对我说一句：我毅力不行。这不可笑吗？关键是要学会开车，而不是单凭毅力蛮干。我们戒色也是如此，不学习就靠毅力强戒，这怎么能成功呢？不学习的强戒注定失败，而且学习提高觉悟是一个连续的过程，就像你不可能在2天内就学完高中三年的数学，所以千万不要看了一二篇戒色文章，就以为自己懂了，那种懂其实很肤浅，还不够深刻，一定要不断学习戒色文章，多做笔记，像面对高考一样去面对魔考。
6.【飞翔老师，怎么才能克制梦撸啊？我现在每天都看大量戒色文章，每天做很多笔记，但心瘾还是很重，明明自己一身症状，被SY害得那么惨，可仍旧像着了魔一般，碰到诱惑忍不住多看两眼再关掉。白天就这么勉强克制住自己，一到晚上就对心魔有种无力感，得抑郁症后睡眠质量一直很差，梦多睡得不踏实，天气又热，一到后半夜半睡半醒我总会习惯做撸管的动作，有时候能惊醒就躲过一劫，我担心这么下去迟早会破戒，最近三天都出现这种状况，我快被自己的潜意识给害死了，求飞翔哥帮帮忙吧！】
答：嗯，好好忏悔下，好好下决心去戒。心瘾重的话，每天忏悔是必须的，发自内心的真诚忏悔是非常重要的。然后要加大学习戒色文章的力度，反复输入正能量，这样坚持下去即可净化潜意识。你现在是偷心不死，还想着要去看，一定要克服这种举动，加油！要做到视而不见，不动如山。好好修炼！
附评：刚开始戒色，觉悟尚浅，没有定力。一看到诱惑就身不由己，而且潜意识黄毒太多，半梦半醒时很容易下意识去撸管，根本无法自控，出现这种情况，就是要加大洗脑力度，不断输入正能量来净化思想意识，这样梦撸就会消失。不少戒友对撸管的动作已经养成习惯了，有事没事就喜欢往裤裆里摸，一定要改正这种举动，除了小便和洗澡清洁，其他情况尽量不要去触碰JJ。另外，就是一定要多发忏悔之心，信佛的戒友可以对着佛像忏悔，不信佛的戒友可以在自己内心忏悔，多忏悔是可以影响到潜意识的，临睡前最好也能在心里忏悔下。
7.【飞翔哥，我为什么总是坚持到后来就没有开始的动力了呢？心魔一来我就忍不住了，尤其是在60多天的时候。我也在学习戒色知识，也知道种种恶果，可就是没有最开始的那股劲了，怎么办？】
答：很正常，戒色厌倦期来了，我以前文章有讲到的，出现戒色厌倦期的情况很常见，自己一定要及时调整心态，养成良好的学习习惯，不要单纯靠热情去戒色，应该靠更持久的理智去戒色，让觉悟不断提高，多复习戒色笔记本。慢慢就会度过戒色厌倦期，到时候就会戒得更稳定。加油！
附评：戒色厌倦期我也经历过，但我已经养成了良好的学习习惯，即使出现厌倦情绪也不怕，感觉厌倦时，就少看些戒色文章，做一个调整。等状态好时，继续再接再厉！戒色就像打仗，时间拖久了，军队的士气就会下降乃至低落，这时长官就会激励自己的士兵，我们也要学会激励自己，让自己重新充满干劲。千万不要三天打鱼两天晒网，我们要学会细水长流，坚持每一天，不要连续看3天戒色文章，然后接下去的10天都不看，这样是不行的，我们宁愿每天少看些，但不要中断。戒色笔记本是必须要有的，时常复习戒色笔记本，温故而知新，这也是必须的。只要能不断坚持下去，不成功也很难。关键在于坚持！戒色也像爬山，每天爬一点，不要中断，而不是一下冲很猛，然后在半山腰就不动了。龟兔赛跑，多学学乌龟！
8.【飞翔，我觉得你说的戒色养生只适合那些伤得轻的，人体自愈的能力是有限的，我们大多数戒友都伤得太重了，超过了限度，那些方法只能辅助恢复，最好还是要去看医生！】
答：这你就有所不知了，我当初伤得很重，吃药已经不管用了，吃药已经耐药了，到那种情况我才选择停药，靠养生来恢复。我并不反对就医治疗，该治疗的还是应该积极治疗，养生也格外重要，三分治疗，七分养生。有些养生功法的治疗效果并不亚于吃药，比如艾灸就治好了很多久治不愈的慢性病。加油！
附评：有些戒友看我推荐了不少养生功法，就觉得不要吃药了，这种理解也是不对的。我在很多答疑中都建议要积极就医治疗的，从来没说过不要看医生。养生功法是身体恢复的一种手段或者方法，看病吃药也是一种方法，如果你症状严重而且持续，那是应该积极就医治疗的。我那时是对医院和吃药失望后，才转而钻研养生功法的，我是没靠药，我是靠养生功法痊愈的。让身体恢复的方法有很多种，我们绝对不要轻视养生功法而只重视吃药，即使你吃药治疗，也是要注重养生之道的，毕竟三分治疗，七分养生。养生功法也不仅仅是保养身体，其实也是一种治疗手段，不少人有慢性病，吃药效果很有限，但通过太极拳或者站桩等养生功法，却得到了极大的改善，比吃药效果还好。再比如我的鼻炎问题，三次手术加激光治疗都不行，但通过艾灸疗法，我鼻炎大大好转了，基本很少犯了。吃药治疗是一种选择，该治疗的应该积极治疗，但希望大家不要依赖上药物，一方面有副作用，特别是西药，另外就是吃多了会耐药的，吃久了效果就不好了。
下面步入正题
这季就A级精子和关于建立正确的性观念和大家做一个分享，具体如下：
人有三六九等，品质有好有坏，而精子也是如此，精子质量也有好坏之分。一般分为A级，B级，C级，D级这四个等级，A级活力最好，质量最高，特点就是快速向前运动，B级慢速向前运动，C级非向前运动，D级不动。还有诸如缺陷精子或者畸形精子等。精液常规检查中，时常可以见到一些病人的精子有半数以上是畸形的，如圆锥形头、双头、双尾、尾卷曲等，这就叫畸形精子症。精子畸形率的增高，往往间接反映了睾丸生精功能的障碍，也必然影响到精子的活力和受精能力。
【A级精子】：A级精子是指精液参数中快速直线向前运动的精子，若连续两次检测A级精子小于25%，那么就属于弱精症了，自然受孕的机会是非常低的。但是弱精症都是有原因的，如生殖道的炎症、前列腺炎、精索静脉曲张、睾丸先天发育受阻、精液量少、染色体异常、体内产生抗精子抗体等。
先上2个真实案例：
案例一：我的爱人于2010年怀孕后有胎芽无胎心，3个月后流产，2011年怀孕后两个月检查没有孕囊，说是生化妊娠。我今年31岁，因爱人流产后查出我的精液质量不高。B超显示左侧有精索静脉曲张，右侧有精索鞘膜积液，为改善精液质量，在地级市人民医院做手术，现在手术已经五个多月了，身体没有不适症状。术后三个月时复查精索静脉内径正常、无返流。睾丸、附睾、精囊腺等都正常。但复查精液效果不理想，除畸形率有所降低外，弱精症状改善不明显。
2012.5.11我又去市人民医院做了精液检查。结果如下：
1、精液量2ml，液化时间：20分钟完全液化；酸碱度7.4；颜色：灰白；黏稠度：适中。
2、动态分析报告
精子分类、被检精子个数、精子密度106/ml、精子总数106百分率%
合计 831个 332.8 665.29 100%
A级 26个 10.42 20.83 3.13%
B级 183 7.31 146.62 22.02%
C级 152 60.89 121.78 18.29%
D级 470 188.28 376.56 56.56%
A+B级精子 209 83.72 167.45 25.15%
A+B+C精子 361 144.61 289.23 43.44%（活动率）
3、精子形态学分析报告
计数精子数：200个
正常精子数：44个，占22%
缺陷精子数：156个，占78%
头部缺陷精子数：152个占76%
颈部和中端缺陷精子数：4个占2%
尾部缺陷精子数：16个占8%
精子正常形态参考值：>4%
案例二：今天取了老公的精液检查报告。有几项结果如下：液化时间16分钟、PH7.5、存活率79%，运动分析：A级（快速向前运动）25.15%、B级（慢速向前运动）20.76%、C级（非向前运动）21.78%、D级（不动）32.31%、畸形精子80%，因为今天没有专科医生值班，要下周一才能请医生看。看了这个结果很着急，怎么畸形率那么高啊？老公是大学老师，平时不喜欢运动，经常一整天都坐在电脑前，尤其是这个寒假。另外他不喝酒，但每天要抽几支烟。是不是由于他不运动和抽烟造成的？有什么好的办法可以提高精子质量呢？
再看一则新闻：
中国男性精液质量下降。
据《羊城晚报》报道，国家人口和计划生育委员会的一项研究数据显示，中国男性精液质量正以每年1%的速度下降，成年男性每次射精的精子数量，已从上世纪五六十年代的1亿多个，下降到六七千万个；与此同时，男性的精子质量也在不断下降。为此，通用的医学教科书也要作出修改。中山大学附属第二医院妇产科主任杨冬梓告诉记者：“我读大学时，医学教科书使用的是上世纪80年代的标准：人类精子数的正常值为4000万个/毫升，现在这一正常值已被修改到2000万个/毫升。”
日前发布的《2012年中国男性精子质量调查白皮书》指出，我国男性精液质量以每年1%的速度下降，男性不育患者中有两成为精液质量差导致。中南医院泌尿男科教授郑新民介绍，该院生殖医学中心曾以老鼠为研究对象，发现手机电磁辐射可以引起老鼠睾丸生殖细胞的损伤，并可阻碍生精细胞（尤其是精子）的能量代谢而产生生殖毒性。郑新民指出，除了家用电器、手机、电脑等产生的电磁辐射，环境污染、噪音、过度泡温泉、生活没有规律、工作压力大等也都是导致男性精子质量下降的重要原因。
江苏男性精子质量低于全国水平，与50年前相比，江苏男性精子密度下降了40％以上。这是江苏省首个精子库近日披露的最新数据，该库成立一年来，采集的精子86%质量不合格。
“志愿者中绝大多数人都因精子质量不过关被淘汰。”600多名志愿者中，在校大学生占到90％，另外10％以白领阶层为主。从以往的初筛结果看，男性精子质量在逐年下降，尤其是年轻一代正在受到环境污染等各种因素的影响。上世纪80年代，江苏10个捐精者中有7-8人合格，到90年代只达半数，而目前更是降到了14%左右。“虽然如此，达不到初筛结果的男性同样也具备生育能力，只不过精子质量比较低。”精子库负责人说。
总结分析：
这则新闻总结了很多导致精子质量下降的原因，但是没有提到纵欲会导致精子质量下降，现代社会邪婬严重泛滥，纵欲这个因素是不容忽视的。我国传统中医科学很早就认识到了纵欲对精子是会产生不良影响的，纵欲会导致精薄无力，是会导致精液质量下降的。其实西医也已经证实了，因为撸管是会导致前列腺炎和精索的，这两种疾病都会影响到精子质量。记得有些戒友去做精子质量检查，有的直接就显示不孕不育了，有的虽然还有生育功能，但是畸形精子不少，这样还是会影响到优生优育的。80年代时，人的思想观念相对传统保守，那时看H片警察要抓人的，属于犯法行为。那时能看到一部H片，那是相当困难的，不是随随便便就能看到的。现在就完全不同了，简直就是黑暗邪婬时代，到处充斥着黄毒，防不胜防。
这一代的年轻人，“性福”了，但也惨烈了，因为撸管是伤肾的，也伤生育功能，伤五脏，肾为五脏之根，把根给伤了，能不病吗？肾虚百病丛生，绝非耸人听闻。可惜，现在的年轻一代不知道，不懂啊！盲目愚痴地撸管，还以为自己很牛逼，其实真是自己害自己而不自知，等到症状缠身就悔大了。因为80年代相对保守，也没电脑手机，那时男人的精子质量就相对较高，而现在就下降很多了。电磁辐射是一个原因，但撸管纵欲绝对脱不了干系。人的生育功能和肾气是密切相关的，而撸管伤肾太厉害，势必会影响到精子质量，精子质量下降是必然的。事实表明，坚持戒色养生，积极锻炼，精子质量是会改善很多的。
说到精子质量差，我身边一个朋友就是明证，他这十几年一直在撸管，搞得满头白发，身形猥琐，一看就没有精气神，缺少正能量。后来他结婚了，老婆是怀孕了，但每次怀孕到几个月马上就不行了，一检查就是有问题了，必须流产掉。虽然他没有明说，但我想肯定就像第一个案例一样，怀孕后有胎芽无胎心。精子质量不好，就像种子不好一样，土壤再肥沃，但你种子差劲，那也是不行的，即使成功受孕分娩，将来孩子体质也可能很不好，容易生病。
中国的年轻一代，在性方面是被误导的，无害论害惨了中国的年轻一代，在性教育方面也是缺失的，学校里面没有正确系统的性教育，所谓的性学家，则是在捡国外垃圾的过时的理论，那些理论根本就是错误的，是为了迎合性解放而编造出来的歪理邪说。很多年轻人没有任何分辨力，都是盲目撸管，什么都不懂，就像一个人不知道前面是雷区，无知者无畏，看到里面有诱惑，就不顾一切往里冲，结果就悲剧了。就像飞蛾扑火，最后搞得一身的症状，性功能也废掉了，早泄阳痿的戒友太多太多，每天都有类似帖子。所谓适度撸管，根本就是扯淡，上瘾后再谈适度是荒谬的。撸管就是一个不折不扣的雷区，里面到处埋着症状地雷，可惜年轻人不知道啊，不懂啊！撸者迟早要为他们的无知付出惨重的代价。
一种理论可以害惨很多人，那就是无害论。
一种理论可以拯救无数人，那就是有害论。
有害论是绝对的真理，
是无数前辈泣血的经验教训，
也是无数中医用心良苦的忠告。
我们坚持戒色养生，其实就是在强国强种了，戒色绝不仅仅是个人的事情，也关乎将来国家的命运。精子就是种子，是要制造中国的下一代的，精子质量差劲，势必就会影响到下一代的体质乃至脑力。现在中国男人的精子质量相对于80年代时，已经下降太多太多，主要就是邪婬泛滥、电磁辐射、饮食污染等原因导致的，邪婬泛滥是绝对脱不了干系的，邪婬伤肾也是最直接最狠的方式。我们戒色养生，对于改善精子质量是有积极意义的，是对自己负责，也是对自己的后代负责。大家想想，上世纪80年代，江苏10个捐精者中有7-8人合格，到90年代只达半数，而目前更是降到了14%左右。精子质量下降幅度是如此之大，难道不值得我们警醒吗？邪婬文化的侵略是绝对险恶的阴谋，用邪婬文化腐蚀中国的年轻一代，让我们一代不如一代，到最后又重新变成了东亚病夫，又沦落到被其他国家蹂躏的地步。这绝非危言耸听，邪婬文化如此泛滥下去，精子质量弄不好还会进一步下降，到时生产出来的年轻一代，体质脑力也会更差，真的会一代不如一代。
关于优生优育，印光大师这段话非常好，推荐给大家：
“夫天生男女，圣人法天立则，令男女居室，以为人伦之最大者。以上关风化，下承宗祧。岂为人日图快乐，而常以欲事为事乎。贪欲之人，其精簿而无力，如耗种不能生芽，故难生。即生，多多皆未成人而夭。即幸而不夭，亦必单弱柔懦，无大树立。若能保养精神，节欲半年，待其妇天癸发后，择良宵吉期，相与一交，决定受孕。从此永断欲事，则所生之子，不但性行贞良，欲念轻薄。而且体质庞厚，无诸胎毒痘疹疾病等患。天癸，即经水也。经水尽后方受孕，余时多不受孕。经水未尽，断不可交。交则妇即受病成带，勿望受孕矣。人之大伦之事，岂可恶日恶时而行，故须择良宵也。”（印光大师）
中医也讲到了优生优育，下面是《秘种子金丹》摘录，名医叶天士著。秘种子金丹对于优生优育很有指导意义，不仅针对生育，其实也讲到了养生保精之道。
【种子总论】
生人之道，始于求子。而求子之法，不越乎男养精、女养血两大关键。
【种子脉诀】
求子之脉，专责于尺。右尺偏旺，火动好色；左尺偏旺，阴虚非福。惟沉滑匀易为生息。微涩精清，兼迟冷极；若见微懦，入房无力；女不好生，亦尺脉涩。
无论老少强弱，俱要神足，神足全凭寡欲，寡欲则不妄交合，积气储精，待时而动，一举而成。盖少年生子多有羸弱者，欲勤而精薄也；老年生子反多强壮者，欲少而精全也。又交接时，不可大肆出入，密密揉之可也。若大肆出入，胎风自不能免矣。故年老人得子，多不受风者，为不能大肆出入故也。又受胎后切不可再与之交，一恐伤胎暗产，一恐生子胎毒为患也。是男子必先自治，而后及妇人则几矣。
【种子必先养精】
种子之法，男子必先养精，女子必先养血。今人之无子者，往往勤于色欲。岂知施泄无度，阳精必薄；纵欲适情，真气乃伤。妄欲得子，其能孕乎？夫男主乎施，女主乎受，一施一受，胎孕乃成。今所施者，全非先天浓郁之气，不过后天渣滓之物，纵使阴受可化，而实乏阳施之用矣。故求嗣者，毋伤于思虑，毋耗其心神，毋意驰于外而内虚，毋志伤于内而外驳，毋以酒为色媒，毋以药而助火。清心寡欲，安神惜精，静气日久，气足神完，依时而动，其一点先天之真精生气，勃然随阳之痿而溢出，自万举而万当矣。《内经》云：阴平阳秘，精神乃治；阴阳离决，精气乃绝。老子曰：必清必静，毋摇尔精。《人镜经》曰：精气盛则生二男。盖谓此也。
【养精须寡欲】
寡欲则不妄交合，聚精会神，待时而动，亦何求而不得欤？然寡欲必先清心，心主血而藏神，心有所动，神即外驰，外虽未泄，精已离宫，即肾气亦随之而内乱，轻则梦遗、淋浊，重则杨梅、结毒。即幸而获免，其于交会之际，毫无静一清宁之真气，所泄之物，尽是腐浊而已，安能化育成胎哉？心为一身之主，诚能扫尽邪思，兼用静工存养，无令火动，俟阳精充实，依时而合，一举而成。是以寡欲则神完，不惟多子，抑亦多寿。
【养精须节劳】
夫精成于血，不独房劳损吾之精，凡日用事物之间，其伤吾精者甚多：如目劳于视，则血以视耗；耳劳于听，则血以听耗；心劳于思，则血以思耗。吾随时而节之，而血得其养而与日俱积矣。
【养精须息怒】
肾主闭藏，肝主疏泄，二脏皆有相火，而其系上属于心。心，君火也。怒则伤肝而相火动，动则疏泄者用事，而闭藏者不得其职，虽不交合，亦暗流而潜耗矣。
【养精须戒酒】
饮食之类，人之脏腑，各有所宜，似不必过为拘执，惟酒为不宜。盖胎种先天之气，极宜清楚，极宜充实，而酒性婬热，非惟乱性，亦且乱精。精为酒乱，则湿热其半、真精其半耳。精不充实，胎元不固；精多湿热，则他日痘疹、惊风、脾败之患，率已基于此矣。故求嗣者必严戒之，与其多饮，不如少饮；与其少饮，犹不如不饮，此胎元之大机也。若醉后入房，精荡而随薄矣。
【养精须慎味】
经曰：精不足者，补之以味。然肥浓之味，不能生精；惟淡薄之味，乃能补精耳。夫万物皆有真味，调和胜则真味失，不论荤素，蒸煮得法，自有一种冲和恬淡之气，食之自能养精。盖食物甚多，惟五谷为得五味之正。故煮粥饭熟后，上面有厚汁融成一团者，皆米之精液所聚也，食之骤能生精，试之有效。人能行是数者，非特为求嗣之良方，亦可为摄生之妙术矣。
【男有三至】
男女未交之时，男有三至者，谓：阳道奋昂而振者，肝气至也；壮大而热者，心气至也；坚劲而久者，肾气至也。若痿而不举，肝气未至也，肝气未至而强合，则伤其筋，其精流滴而不射矣；壮而不热者，心气未至也，心气未至而强合，则伤其血，其精清冷而不暖矣；坚而不久者，肾气未至也，肾气未至而强合，则伤其骨，其精不出，虽出亦少矣。求嗣者，所贵寡欲清心，以养肝心肾之气也。
【交合避忌】
男女交合，古法当避丙丁日及弦晦日、朔望日。然为艰嗣者计，似可不拘，若大风、大雨、大雷、大雾、严寒、酷暑以及天地晦冥、日月薄蚀、虹霓地震之际，此天地之震怒，四时不正之气，犯则损男百倍，令女多病，纵然有子，亦必癫痴、顽愚、喑哑、聋聩、挛跛、盲眇、多病症、短寿、不孝不仁，此其宜避忌者一也。又日月星光之下，庙宇佛寺之中，井灶圊厕之侧，冢墓户枢之傍，以及沉阴危险之地，皆不可犯，此其宜避忌者二也。夫交合知避，则有福德大智善神降宅胎中，乃令性行和顺，家道日隆，非惟少疾，亦必聪明俊秀而多寿；若不避忌，则愚痴奸诡恶人来宅胎中，乃令性行凶险，家道日消，非惟残疾，亦必飞灾横祸。而天枉祸福之应，验如影响，可不慎欤？
下面谈下关于建立正确的性观念
中国的改革开放，是为了吸收学习别的国家的长处和优点，是要取其精华去其糟粕，而不是把自己的传统文化丢掉，一味崇洋媚外。改革开放，好的坏的一起都进来了，一时分不清什么是好什么是坏，其中纵欲享乐思想和性解放思想也一起飘进了中国，似乎中国人被性压抑了几千年，是该好好放纵享受一下，于是很多人开始提倡性解放和性开放，把老祖宗那套保守思想认作是封建压抑人性的专制。其实，老祖宗对性的保守态度并没有错，不说古代，就是上世纪70年代和80年代，那时对性的态度还是很保守很谨慎的，并不像现在一夜情满天飞，感觉整个社会都婬乱了。现在邪婬文化极为盛行，很多年轻人都崇拜AV女优，称之为“老师”，简直荒唐透顶，骇人听闻！人心陷溺已极，道德沦丧到了极其下劣不堪的地步，曾经的礼仪之邦都快变成邪婬之邦了，实在令人可悲可叹！华夏儿女堕落成了这样，怎有脸面去面对列祖列宗啊！
性开放的危害实在太大了，性开放是会导致很多恶果的，中国每年有1300万例堕胎手术，这是一个触目惊心的数字，这是合法的杀人。堕胎是会对女性身体造成伤害的，有的女性堕胎多次，患上了严重的妇科疾病乃至无法再怀孕，这都是人生的悲剧。性开放后，离婚率也直线上升，因为开放了，就没有什么不可以，什么家庭责任感和道德伦理，完全都抛之脑后了，很多人真的沦为了衣冠禽兽，甚至连禽兽都不如。
国外性开放比较早，但他们已经意识到了性开放的恶果，开始提倡禁欲思想。国外很多年轻人都有宗教信仰，宗教信仰对于邪婬有约束作用，但是中国的年轻一代绝大多数都是无神论者，因为不懂因果，信仰缺失，就变得更加肆无忌惮，变得更猖狂。这是中国年轻一代的悲哀，别的国家已经意识到了性开放的恶果，而我们国家还在继续搞性开放，在错误的道路上越走越远。正因为性开放，正因为沉迷撸管，中国很多年轻人的身体已经出现问题了，总有老中医感叹，现在的年轻人到底怎么了，20岁出现60岁的脉象，还没结婚怎么肝肾那么虚？还没结婚就早泄阳痿了，还没结婚，已经搞得一身的病了。这其实就是邪婬的恶果，媒体提倡邪婬，宣传邪婬，搞得年轻人以错为对，是非颠倒，最终还是害了自己。我曾经就是受害者，我曾经也觉得性开放没什么不对，周围人也都这样认为，媒体也这样宣传，大环境是放纵的。直到后来身体垮掉，我才发现邪婬的危害是非常惨烈的，刚开始就是温水煮青蛙，在不知不觉间，身体就慢慢废掉了。
年轻人最重要的就是要建立正确的性观念，什么能做，什么不能做，心里一定要是非分明，一定要坚守自己的原则。老祖宗说邪婬会招致恶果，我们不能不听，不听老人言，吃亏在眼前。很多人喜欢随大流，他看到大家都这样干，他也这样干，他自己不曾思考过对错，大家撸管，他也撸管，难道大家撸管，撸管就不伤肾吗？难道大家撸管，撸管的危害就会小一点吗？不过，大家都撸管，个人的负罪感会减少不少，因为他会想，大家都这样干，我也这样干，并没有什么不对。其实大家都错了，真理掌握在少数清醒者手里。股市有句名言：群众永远都是错的！这句话也同样适用于撸管界，撸管的人永远都是错的，只是他自己并不知道自己错了，症状不断在打他耳光，就是打不醒他，症状也是身体的警告，警告他不能再撸了，但是他由于无知愚痴，根本就不知道。实在可悲！
年轻一代被错误的纵欲思想所俘获，那就会变成纵欲的肉机，欲望永远无法被彻底满足，经云：“婬欲放纵，如饮咸水，多饮多渴，到死方休。”短暂的快感过后就是巨大的空虚，快感就像一场欺骗，你什么也没有得到，最后你的身体开始出现垮掉的征兆，逐渐症状缠身，生不如死！下面谈下四种邪婬的方式：
1.婚前性，戒色吧提倡的是婚前禁欲，婚后节制。这不仅是一种思想观念，其实也是在保护你自己。因为未婚先废的戒友实在太多太多，我到现在已经看到了无数戒友还没结婚，但性功能已经出现很严重的问题，有的甚至彻底阳痿了，搞得他真的快崩溃了，自杀的心都有了。婚前性是对身体的一种透支，而且很多人尚处在比较无知幼稚的年纪，很容易出现性放纵的现象，比如有的戒友一晚上6次，这样放纵，没多久身体就会出现症状。婚前性也伤生育功能，不少戒友都出现了弱精乃至无法生育的现象。还有的戒友年纪不大，却已经让女友打胎过了。如果按佛教来说，这都属于杀业，是要遭恶报的，下场会很惨烈。对于一些比较年轻的戒友，我奉劝你们尽量不要有婚前性行为，在结婚前应该把身体养养好，进入婚姻后再节制性生活，有一个好身体才是最重要的，千万不要未婚先废，那样会很尴尬，人生也会变得异常灰暗。婚前性也不是一种负责的行为，很多人纯粹是为了满足自己的欲望。还有的人一开始想好好谈场恋爱结婚，结果彻底迷失在了欲望的泥潭里，厌倦了又把别人抛弃。我们谈恋爱还是要慎重些，不能随随便便发生关系，请做一个真正负责的男人。
2.婚外性，我一直认为婚外性虽然充满诱惑，但却是有毒的。就像漂亮的毒药，不仅纵欲伤身，而且还会严重破坏家庭的稳定。性是容易让人厌倦的，有研究表明，一个男人厌倦一个女人只要18个月左右，也就是18个月左右激情就没了，甚至不需要18个月，几个月也许就没激情了。如果选择进入婚姻，一定要以责任感为重，否则一旦激情消退，生活陷入了平淡，陷入了柴米油盐，到时候就很容易出现争吵乃至出轨。出轨也是会上瘾的，一直在寻求新鲜的刺激，一直在寻找猎物，从一具肉体到下一具肉体，从新鲜到厌倦，再到新鲜。被欲望控制，被心魔绑架，其实是做了欲望的奴隶。如果家里没孩子还好，如果有孩子，那么离婚对孩子就是一种莫大的打击，会让孩子幼小的心灵很受伤，特别是那种内心很敏感的孩子，父母的离异对孩子会造成很大的不良影响。所以，结婚的男人一定要以责任感为重，千万不能去尝试婚外性，那样只会导致人生的悲剧。
3.一夜情，这个时代一夜情太多了，天亮以后说分手，看似潇洒无负担，但是这样放纵是很危险的，而且一旦迷上一夜情，很可能就为以后的家庭生活埋下了悲剧的伏笔。有一夜情的人，婚后也更容易出轨，一夜情的刺激只会让人生更空虚、更无聊。追求肉体一时的快感，只会让人活得像行尸走肉。一夜情普遍有一个特征，那就是一夜多次，这样连续放纵对于身体伤害是极大的，精气被彻底掏空，症状不久就会缠身。一夜情的泛滥，让人退化成了禽兽，完全丧失了礼义廉耻，甚至连禽兽都不如，动物也讲究发情期，而人没有发情期限制，随时都可以搞，这样无节制地纵欲，最后变得连狗都不如。一夜情的其他害处也很多，弄不好还会得上性病，搞一夜情也会影响到工作状态，精力心思都放在纵欲上面，搞得腿软腰痛尿频神衰，工作状态也很受影响，搞得脑力也大幅下降，做的事情，前做后忘。如果已经结婚了，再搞一夜情，被老婆发现那就是家庭大战乃至离婚大战，一哭二闹三上吊，够你喝一壶的。
4.嫖娼危害，在我答疑过程中，不少戒友都向我坦白过嫖娼经历，还有的戒友甚至嫖娼上瘾，双腿不听自己使唤，即使早泄阳痿了也要去，美其名曰，去现场看看也好，虽然勃起障碍了，去摸摸也好，已经堕落到如此不堪的地步了。甚至有些戒友因为有嫖娼经历，染上了恐艾，整天提心吊胆，惶惶不可终日，即使反复做了检查，也无济于事，总是担心自己得了艾滋病。有的人是没得艾滋病，但却得上了淋病、尖锐湿疣，还有梅毒。曾经有个戒友就得了尖锐湿疣，花大钱看病不说，还吃了很多痛苦，真的是异常悔恨。一失足成千古恨，常在河边走哪有不湿鞋，弄不好哪天嫖娼后就得上了性病，有些性病还有潜伏期，甚至潜伏十几年，到了中年以后才发病。梅毒到后来有可能会引发痴呆的，后果真的很恐怖。所以一定不要去嫖娼，嫖娼伤身败德，危害实在太大。
最后总结：
希望中国的年轻一代都能建立起正确的性观念，不要贪图一时之快放纵自己，请把最好的自己留到结婚后，性放纵是会带来恶报的，别人因为无知而乱来，我们是明白人，我们不能乱来，我们要牢牢把持住自己，做一个有责任感有正能量的男人。这样的男人，才能给女神以安全感。让我们远离邪婬的生活，不要连畜生都不如，到处瞎搞，最后把家庭搞垮，把身体搞废，这样放纵的人生注定是一场莫大的悲剧。
这季继续推荐书籍：
元音老人《佛法修证心要》，这本书（上下两册）各大网络书店都有卖的，我虽然看过不少大德的开示，但和我最有缘的一位就是元音老人的开示。是元音老人给了我佛法的正知正见，他的《拈花录》开示视频我也经常看，真是难得的善知识。我也在受持读诵往生广咒。元音老人很强调明心见性，他是亲证本来面目的过来人，所以他说出来的话特别有力量。当然，佛教大德很多，想学佛的戒友，可以选择和自己有缘的上师来亲近，我现在也在看印光大师的开示，也有相见恨晚之感。
				
第48季：身体恢复方法之艾灸经验和拉筋体会

前言：
去看医生，如果你向医生提及了手婬问题，得到的回答一般就2类，一就是建议你规律手婬或者说适度手婬，不要憋着。二，就是建议你彻底戒掉。我看过很多戒友的反馈，其中有3位中医建议患者一定要彻底戒掉手婬，其他几位医生则建议适度手婬。在适度无害论的大环境下，很多医生其实也被这种似是而非的观点给毒害了。适度手婬，乍一听绝对正确，一点没问题。但如果你看过很多受害者的案例，自己有极深的体会，那根本就不是那回事了。适度，适度，度在哪里？有人说一周一次，不会出事。但有的戒友就是按照一周一次撸的，但是三年后，他身体垮掉了，你怎么解释？每个人体质是不同的，有人底子厚，能伤个几年，有人先天就弱，又不爱运动，不出2年就症状缠身了。而且几乎每个戒友都想过适度，但是欲望一来，就是六个字：一发不可收拾！一次不过瘾，还要来一次，甚至来2次，甚至连续几天都在手婬，你说这是适度吗？你自己能控制吗？还有一点，那就是意婬也是漏，属于暗漏，有些戒友是一周一次，但是他平时根本无法控制意婬，意婬漏掉的更多，而他因为无知，根本就不知道，还以为自己能做到适度。其实他把撸管想简单了，撸管的水是很深很深的，以前我文章也讲到，破戒时间也很有讲究，在阳气水平弱的时候破戒，出症状的概率很高，一次就可以导致出症状。戒色网 - 戒淫网-https://www.jiexy.com/40001.html
适度，适度，水太深！多少前辈就是搞适度搞废掉的！但有些医生却还在建议患者适度。手婬的人，基本都是一次成瘾，你吸毒也不一定会一次成瘾，但撸管的人几乎全部是一次成瘾，你说成瘾性强不强？如果你学会了控制意婬，那禁欲就是无害的，这个问题我以前文章也讲到过多次。如果你无法控制意婬，那么禁欲就可能会出问题。因为你意婬后憋着不撸，那是很可能会出现炎症反应的。如果你能坚决做到念起即断，那就没有问题。如果你听信了医生所谓的规律撸管，那你就等着复发吧。这不是危言耸听，这是无数前辈亲身经历得出的真理。撸管界没有新鲜事，你经历的，前辈都经历过。所以请不要心存侥幸搞适度，那完全就是自欺欺人，那根本就是在害自己！
只有一种人可以做到适度，那就是觉悟极高之人，他能驾驭欲望，而不是做欲望的奴隶。但觉悟极高之人绝对不会搞适度手婬，因为他知道手婬属于邪婬，真的是一次都不能犯！希望大家能不断学习提高觉悟，加强对欲望的驾驭能力，这样进入婚姻后就可以尽量做到节制，不然结婚后也是很容易废掉的。看过几个案例，就是结婚后纵欲，搞得前列腺炎复发，搞得阳痿早泄，把自己搞进了医院，不少人结婚后依然还在手婬，这样就是“双斧伐肾”！最后真的就把自己搞垮了，看过好几个戒友最后阳痿了，和老婆离婚了，真的很惨呐。
最近又有戒友在说，既然戒色，那么就不看黄色的，看清纯的。看清纯的总归无害吧，这种论调，我记得一年前就有戒友提到过，他搜集了一大堆的清纯照片，不是黄色的，但他后来看着看着就想歪了，然后就破戒了。只要面对女色，不管是诱惑的还是清纯的，都是有可能起邪念的。而且清纯的杀伤力更强，隐蔽性更高，很容易失去警惕，让心魔钻了空子。清纯是心魔的另一种诱饵，只是换个口味钓你上钩，心魔的诱饵有2种口味，一种诱惑的，一种清纯的。
下面分享几个答疑案例：
1.【飞翔大哥，我在我们学校的贴吧上看到有人发帖说有黄图黄网进去看，于是我便进去怒斥楼主，结果就被封号了……哎，真的好悲哀啊，大哥，我该怎样对待呢？而且之前发的一个宣传贴也被删了，真的很郁闷啊！】。
答：恩，宣传被删很正常，我一般建议打一枪换一个地方，宣传被删被误解是常见的情况，很多戒友出去宣传都很有经验，宣传完了就走人，不要去盯帖。你怒斥楼主，我很理解你当时的心情，但下次要注意控制情绪，有些人是点不醒的，你就发张宣传戒色的图，然后走人。别去管他了，先给他种下种子。将来他身体出问题了，他马上想到曾经有个人提醒过他，只是他没听，他会很后悔，然后开始发心戒色。加油！我们宣传看长远些。
附评：宣传是要讲策略的，吧里有很多人在搞宣传工作，大家也可以多交流宣传的经验。宣传一般会遇见2种人，一，点得醒的人。二，点不醒的人，甚至误解你乃至骂你。这两种人一般都会遇见的，而且据我观察，遇见误解的还是很多的，因为大环境是无害论的天下，很多人从小就在无害论的熏陶下长大的，让他接受有害论，可能他一下子无法接受，也无法转变过来。能一下子就转变过来的，绝对是有善根之人，也是有体会之人。不撞南墙不回头，有些人是撞了南墙也不醒悟，这时候如果有一个人能点醒他，他马上就可能会回头了。所以度人也讲究机缘，机缘成熟了，一点即中，机缘没成熟的，也不要气恼，更不要和人吵起来，我见过好几个戒友，出去宣传结果情绪失控，和别人吵起来，搞得自己很生气。我们一定要避免这种情况，能度则度，不能度就先给他种下觉悟的种子，将来某一天，他可能会真的悔悟，后悔当初没听你的话。有些人一下子是点不醒的，需要一个过程。你的宣传内容，十个人看到了，有一个人开始戒色，其实你已经成功了，即使十个人都误解你，那也没关系，种子已经种下，将来机缘成熟就会发芽成长。
2.【飞翔大哥您好，您有没有这种情况：天天早上第一件事就是感觉自己有没有好点，可是越想就越难受，注意力根本没法转移，我想这样下去不知道什么时候能好，天天老是注意自己身体，脑子迷迷糊糊，什么都记不住，另外我看到厨房的刀的时候特别想给自己一刀，我害怕别哪天控制不住结束自己了，脑子老是想那些可怕的事情，害怕自己别做出来傻事，为什么我身体舒服多了还是这么难受，不知道您当初经历过这种事情么，这条路走得很累，那个抗抑郁的药我不知道还需要不需要吃，我都很长时间没吃了。】
答：我得神经症时，睡觉起来感觉很累，像熬夜一样。我那时是很敏感，也走在崩溃的边缘，中医：肝肾虚，多惊恐。我那时天天提心吊胆，惶惶不可终日，像被追杀一样，生不如死。我建议你不要多想，该治疗的积极治疗，我推荐的子午养生桩你可以练起来，对神经症改善很大。加油！
附评：肝肾虚，多惊恐。熬夜伤肝肾，撸管伤肝肾，久坐也伤肾，久而久之，神经症就会找上门来了。肾主恐，恐伤肾。恐惧这种情绪又会反过来伤肾，所以注意情绪管理异常重要，人一旦进入恐惧的心理状态，就会陷在里面，就像进入迷宫一样，普通人根本无法理解的。一般都会认为你心理有问题，属于心理疾病，其实心理疾病是有生理基础的。那种心理状态太折磨人了，常人难以想象，惶惶不可终日，想什么事情都往坏处想，什么都想最坏的结果，每天活在惶恐和绝望中，在这种精神状态下，想自杀的人很多，我那时也有想自杀的想法，还好没有实施。神经症患者的心理状态不是一般人可以想象的，医生也一知半解甚至误解患者，只有亲身经历的人才能真正理解，只有病友之间才能深刻理解。
如果去看医生吃西药，那根本无法治愈，刚开始吃可以缓解，吃一段时间耐药了，甚至依赖上药物，那就更痛苦了。后来我坚持戒色养生，花了很久才走出那个心理怪圈，因为我知道肝肾虚才是恐惧心理出现的根源，身心是互相影响的，身体调理过来了，心理也会随之改善。如果你只把注意力放在心理上，那可能一辈子都走不出来。有的人肾气足，胆气壮，走到哪里都是一派气壮山河的气势，年纪大了以后，你就会发现他那股气势完全没有了，一方面是年纪上去导致的衰退，另外一方面就是纵欲伤了肝肾，没有原来那股子精气神了，一下就萎靡了。伤精患者的痊愈过程是有反复的，有些戒友戒掉以后，较之过去，症状是有所缓解，但还时常反复。这时候就要好好坚持戒色养生，在养生方面好好下功夫，让反复次数逐渐减少然后趋于稳定，这样就慢慢痊愈了，出现症状反复期很正常，不必纠结，不必担心。好好坚持下去即可，一定要做好养生功课。
3.【我常见很多帖子说，欲望来了，靠俯卧撑发泄。对不？】
附评：关于欲望来了，靠俯卧撑发泄，这种论调我也是看见过很多次的。这让我想起了西点军校，他们一犯错误就是马上趴下做俯卧撑。做俯卧撑是力量训练，是要用到爆发力的。在身体虚的时候，要注意静养，避免用爆发力，赵本山就是在做俯卧撑的时候中风的。身体虚的时候不要勉强，一定要注意静养。如果你身体很好，那可以适当做些俯卧撑，但如果意婬来了，你就做俯卧撑，在家里还行，如果在学校或者马路上，那操作性就比较低了。你不可能在马路上有意婬，马上趴下做俯卧撑吧？或者上课时，你也不可能趴下做俯卧撑。关于断意婬，我觉得还是熟背断意婬口诀比较靠谱，不受时空限制，断得也比较轻松，做到念起即断就没事了。我以前也想通过做俯卧撑来发泄掉欲望，那是我高中时的想法，那时我比较无知幼稚，也没人引导我。那时我就想，有欲望我就做俯卧撑，还可以锻炼身体，于是在一次体虚的情况下，我做了很多俯卧撑，第二天颌下腺就发炎了，马上就肿起来了，当时去医院也查不出来原因，直到2年后才查出是颌下腺发炎了。所以，在体虚的情况下，一定要慎做爆发性的训练，否则很可能会导致疾病。切记！中医讲到用力过度也伤肾的，年纪轻感觉不到，年纪上去或者体虚的情况下用爆发力，那就容易导致疾病的发生。
4.【我想问个问题：戒了将近70天，遗了，为什么反而感觉身体更通畅、舒服了呢？】
答：那说明你身体恢复还行，遗精也伤身体的，也伤肾精的，一方面考虑你恢复得好，另外就是会有伤害延迟现象，可能会过几天才会感觉不适，不是马上能感觉到的。加油
附评：伤害延迟现象我很早就自己体验过，记得十几岁时，一次撸管后，第二天感觉身体还行，之后的两周都感觉还好，但是第三周时恶果出现了，肾脏部位跳动厉害，有些戒友会称之为“肾跳”，那是一种很奇怪的感觉，就是感觉肾脏像心脏一样在跳动，而且是那种很不稳定的跳动，伴随着发胀等难受感，严重的甚至会发痛。这其实就是伤害延迟现象，人体是有周期的，在一个周期的开始时撸管，恶果可能会在一个周期的末尾才显现出来，就像中医讲的春生、夏长、秋收、冬藏，如果你春生很差，那最后冬藏也会很不好，一环扣一环的。记得一个戒友去看中医，他外表看上去很强壮，但是中医一把脉就说他身体已经虚掉了，别看外表强壮，那都是因为年轻在撑着，过了四十岁恶果就会很明显，其实他现在已经感觉到不适了，不然他也不会去看中医。年轻时放纵，中年以后垮掉得就很明显，实际情况是很多人年轻时就症状缠身了，20岁的人出现40岁乃至60岁的脉象，已经严重早衰了，如果不是因为年轻，早就彻底废了。如果撸管后，你自我感觉还行，我劝你别高兴得太早，因为伤精界有伤害延迟现象，延迟现象在很多领域都比较常见，比如健身方面，很多人应该都有这样的体会，就是在锻炼的当天并未感觉有多少酸痛反应，但是第二天可能就全身酸痛得不行，甚至走路都要扶着墙，在健身领域这叫肌肉的延迟性酸痛反应，在吸烟方面也有伤害延迟的现象。所以纵欲的人，千万不要高兴得太早，有一句话叫：秋后算账。不要当时撸得欢，小心将来拉清单！
5.【飞翔大哥求救啊！频繁遗精啊，两三天遗精一次！说说我的情况吧：SY十年了，现在情况很严重，早泄、没精神没劲、小便频繁、头发枯黄，但没有脱发，眼睛无神。今年三月份去医院治疗，医生说我有前列腺炎，包皮过长，龟头太敏感，让我做了前列腺排毒，切了包皮和背神经阻断手术！一共花了一万多！可惜没效果！我又去看中医了，他说我肾虚精关不固开了药，吃了也没效果！】
附评：现在去医院特别是男科医院，进去后，不榨你个几千上万是不会善罢甘休的。一般去正规医院，看个前列腺炎，检查加配药也就几百元左右，但是你去男科医院就不同了，他们把患者当作取款机，完全是商业操作，但钱在你口袋里，毕竟不能明抢，所以要搞个什么先进的仪器或者手术，这样让患者掏钱就名正言顺了，以前一个戒友物理治疗一次2000元，五次就一万了，但他根本没有好，五次下来还是前列腺炎，还是很难受，你说冤不冤？还有就是动手术，比较常见的就是背神经阻断手术，这个手术问题很大，不少戒友反馈做了这个手术，不仅性功能没改善，甚至出现了彻底阳痿的现象。所以这个手术要慎做，否则将来很可能会后悔。患者走进男科医院，就像待宰的羔羊，这些患者也比较无知，完全相信医生的话，医生说什么就是什么。媒体曾经曝光过有些男科医院更恶劣，没病也要把你整出病来，有病的就说很严重，甚至一点病没有，也要把你整上手术台。这些无医德的医生为何要这样干，其实就是为了钱，羊毛出在羊身上，不榨患者的钱榨谁的钱？医生让你做仪器治疗乃至做手术，他是有提成的，如果真能治好，那也就别去说了，但实际情况是，根本没治好，甚至一点效果都没有。
知道男科医院怎么开遍全国的吗？纵欲人群是基础，无害论则是催化剂，男科医院绝对赞成无害论，无害论就是他们免费的广告。众所周知，前列腺炎和性功能障碍是男科医院收入的大头。而撸管是会导致前列腺炎的，撸管也很伤性功能，而他们却说无害，居心何在？我只能说，很多患者被蒙蔽了，轻信了无害论。这些患者也比较无知，以为伤精症状是可以治好的，其实伤精症状是养好的，三分治疗，七分养生。曾经一个戒友被前列腺炎摧残了数十年，治疗了无数次，走了很多弯路，最后他悟到了一条真理，那就是：前列腺炎是养好的，不是治好的。治疗只能暂时缓解或者暂时痊愈，只要一撸管就极易复发。而很多患者根本不懂这个道理，还把前列腺炎当成感冒来治疗，以为吃几粒药就能搞定，其实这是很无知的想法。戒色保精养生才是痊愈的大前提，没有这个前提，没有这个地基，不管怎么治疗都收效甚微，就像沙子上建房子，说倒就倒。还是那句话：要痊愈，先明理！不懂道理，盲目治疗，只会人财两空！记得一个戒友是在外打工的，家人还以为他在外面赚到了钱，其实他赚的钱都送男科医院了，而他根本不懂得戒色养生，最后搞得人财两空，无颜面对江东父老。花掉几千的比较常见，花掉上万也多见，前段时间有个戒友花掉十万还没看好，你说这冤不冤？
6.【飞翔哥啊，真是太感谢你了！昨天晚上看了你的树疗，觉得非常神奇，于是今天下午就去试了一试。结果……我只能说是奇迹啊！回来之后发现我的脸突然就扑起来了！像小孩子的那样！我问我妈，她也觉得是有变化，大自然的力量太强大了！】
附评：树疗改善容貌气色，效果是很不错，但这个疗法也要看你是否和树木有缘。很多戒友不愿意去做树疗，有些戒友也无法坚持下去，但我相信，肯定会有一部分戒友坚持下去的，这部分戒友和树疗比较有缘分。做树疗改善的不仅是容貌气色，也能改善你的心理状况，如果你很心浮气躁，那么亲近大自然一段时间，心灵马上就能安静下来，心理也会变得很放松，亲近大自然可以给你一种祥和平静的心态。希望大家积极做树疗，做树疗可以加速容貌气色的恢复，也可以促进心理环境的健康。
7.【飞翔老师，我今天早上梦遗了，今天第一次醒来就没有梦遗，然后去WC，上WC后就去继续睡觉就梦遗了。不知道怎么回事啊？我不敢第二次睡觉了，我深深反省过了。】
答：小便后，精关是可能出现松动的，建议你平时多做固肾功，这样就可以避免这类情况了。加油！
附评：房事养生里专门讲到：“新小便后精气竭，此时同房受孕，经脉阻涩，此时受孕，所生之子，易先天不足，残缺不全。”所以，一般新小便后，是不建议进行房事的，而且新小便后，精关极易出现松动，表现就是容易出现遗精。小便后出现遗精的问题，已经有好几个戒友反映过了，如果一个人精关不固，只要一次小便就会造成松动，然后就会出现遗精。如果一个人精关还算牢固，一次小便并不会造成多大影响，也就不会出现遗精。一般小便后遗精这种情况，多做固肾功即可避免。还有一些戒友问我，为什么会出现连续遗精的现象，甚至一连遗精3天，其实在第一次遗精时，已经伤到了固摄能力，精关已经松了，接下去就极易出现连续遗精的现象，就像水龙头没关紧一样，所以在第一次遗精后，一定要格外警惕和小心，要把固肾功做到位，睡姿保持吉祥卧，其他导致遗精的各类因素也要注意避免，这样才可以尽量避免出现连续遗精的情况。连续遗精太伤身体了，一定要尽量避免此类情况。控制遗精频率是身体恢复的大前提，这关必须过的，控遗也是门学问，大家应该多学习，多分析原因，多总结经验教训，这样才能把遗精频率控制好。
补充一条：
有的戒友可能会觉得中医养生知识好，就只看中医养生知识，其他戒色文章就不看了。其实中医养生知识只是戒色觉悟的一部分，我们戒色还是要走专业戒色这条道路，我聊过好几个学中医的戒友，他们也一直在破戒，他们天天学中医理论，知道危害应该比较多了，但还是控制不住。懂得中医知识对于戒色是很有利的，因为可以让你明白很多问题的答案，也可以提高养生意识，但仅仅靠中医养生知识去戒色是远远不够的。我们一定要多了解戒色的原理和规律，了解破戒规律，了解戒色的方方面面，各种细节，比如情绪管理、破戒类型、控遗之道、欲望休眠期、症状反复期、破戒高峰期、意婬控制、破戒后的心理调整、戒色厌倦期的心理调整等。对于戒色后的各种现象都要有一个全面深刻的认识，我们一定要专业系统地戒色，提高综合觉悟。这样戒色成功的可能性就比较大了。知己知彼，百战百胜！我一直以来走的就是专业戒色这条道路，研究戒色的原理和规律，把这些原理和规律彻底搞清楚了，戒色成功就不再遥远。
我不希望大家仰望我或者崇拜我，我和大家都是平等的，只不过觉悟比大家高一些。通过不断学习和领悟，大家也可以达到和我一样的觉悟，甚至超过我。在戒色吧，我自己的定位就是“觉悟的梯子”，我甘为人梯，希望大家通过我的经验，觉悟能有所提高，希望大家能戒得越来越好，希望成功的老戒友多分享经验给新人，多带带新人。新人思想误区比较多，很多还在盲戒，根本还没入门，所以老戒友的引导是异常关键的。我自己就是戒色吧的义工，纯粹、无私、谦卑、奉献，是我遵守的行为准则。我不愿高高在上，我也不会觉得自己有多厉害，我会一直保持谦卑，因为我觉得谦卑是最伟大的美德。不为名利，只愿帮助更多的人。你们的快乐就是我的快乐，你们的痛苦我愿意替你们分担，希望你们能早日走出撸管的沼泽，恢复阳光纯净的气场。
有些戒友可能不相信这个世界上有无私的人存在，因为他看到的都是为了名利在争在抢，他的价值观可能就是崇尚竞争意识，崇尚享乐主义。我以前也不相信这个世界上有无私的人存在，即使存在，我也不理解他们为什么要那样做。后来我信佛了，我完全理解了，我现在的理想就是做一个无私奉献之人，力所能及多帮助别人。众善奉行，诸恶莫作，度人即度己。
下面步入正题
这季就身体恢复方法之艾灸经验和拉筋体会和大家做一个分享，具体如下：
我那时得神经症时，吃药吃到最后，对药物彻底绝望了，因为吃药已经救不了我了，吃一种药，吃耐药了，再换另外一种，而且西药对身体也有副作用，不适合长期吃。中药好是好，但起效慢一些。后来我就彻底停药了，现在家里还有一箱过期的药没吃完，不扔掉就是警醒自己曾经每天活在症状地狱里，那种感受太可怕了，绝对是崩溃！
既然停药了，我也就对医院和医生失去信心了，不是说看病吃药不好，只是我看过很多医生都无法让我恢复，我想我只有靠自己了，即使你遇见了国宝级中医，但也是要靠自己的，因为三分治疗，七分养生，完全靠医生那也不行，比如你吃了中药，然后还撸管，那就万难痊愈了，也容易复发。我那时聊过很多神经症患者，就是吃一段时间的药，症状缓解了很多，然后一纵欲，马上就复发了。神经症痊愈的基础就是戒色养生，没有这个基础，那真的很难痊愈，即使暂时痊愈了，如果再一放纵，那就极易复发。那时我钻研养生之道，看过非常多的养生功法，也尝试过很多养生功法，其中我遇见了艾灸疗法，艾灸疗法对我身体的恢复起到了很大的作用，这季就艾灸经验和大家谈一下，希望对大家有所启示和帮助。
我与艾灸结缘，是一个很自然的过程，因为那时我已经在钻研中医了，对于穴位已经有了一定认识。比如“肚腹三里留，腰背委中求，头项寻列缺，面口合谷收。”我那时开始尝试艾灸疗法，几乎是零经验，就看了几篇艾灸文章和几个艾灸视频，然后就开始自己操作了，再一边实践一边学习艾灸文章。
我那时艾灸的第一个穴位，就是养生大穴足三里。足三里是“足阳明胃经”的主要穴位之一，是一个强壮身心的大穴，传统中医认为，按摩足三里有调节机体免疫力、增强抗病能力、调理脾胃、补中益气、通经活络、疏风化湿、扶正祛邪的作用。民间流传“常按足三里，胜吃老母鸡”，这是因为刺激足三里穴，可以起到推动脾胃、生化全身气血的缘由，而经常刺激足三里，可以起到补气生血、补肾益精、强壮身体的作用，更能使人皮肤白嫩，气血充盈。我那时因为不懂，选择了直接灸，直接灸操作得不好是很容易起泡的，几乎每个艾灸的人都有起泡的经历，起泡一方面考虑是病气外排，另外也有烫伤的可能性。所以，尽量不要选择面部艾灸，因为弄不好可能会留下疤痕的。我一般选择腿部、腹部和背部比较多，后来我很少直接灸了，而是选择艾灸盒，也就是温和灸。其实直接灸效果也是很不错的，有一个小技巧可以避免起泡，那就是灸十秒左右，即用小拇指侧面去擦揉一下，这样热量就均匀了，就不容易起泡了，但需要在艾灸过程中不断去擦揉。温和灸效果也很好，不过也可能会起泡的，起泡不用怕，挑破放水，过几天自己就下去了，然后就结痂慢慢好了。我到现在起泡至少几十次了，光足三里大大小小就起泡过十几次，后来有经验后，起泡就越来越少了。
关于艾灸好处（摘录）：
灸法为古老的中医疗法，渊源流长，孟子有“七年之病当求三年之艾”的记载。艾灸是用燃烧艾条的身体的穴位或特定部位进行熏灼，通过艾热刺激温通经络，活血化瘀，消瘀散结，防病保健，通畅气血，培本固元。艾灸能够调整脏腑功能，促进人体新陈代谢。同时艾灸能够增强人体免疫力，增强红细胞、白细胞的功能，以及吞噬细胞的吞噬能力，增强人体机能等。大量的研究结果表明灸法主要使用穴位灸法对机体免疫、血液循环、神经、内分泌、呼吸、消化、生殖等各系统均有促进和调节作用。
宋代著名医学家窦材把自己喻为三世扁鹊，他的医书《扁鹊心书》中重点倡导的养生治病的要中之要就是扶阳。他认为自古扶阳有三法：第一为灼艾，第二为丹药，第三为附子。灼艾就是艾灸。《黄帝内经》上说：“阳气者，若天之与日，失其所，则折寿而不彰。”阳气对人体起到温薰脏腑，濡养筋骨的作用，就如阳光普照万物，植物才能进行光合作用，茁壮成长。阳气是维持人体生命正常代谢所具备的能量，人一生的阳气是由弱变强再逐渐衰减枯竭的一个过程。阳气足则体健，阳气弱则体衰，阳气竭则身亡。因此，阳气决定着人的健康与生命。
阳气是什么？阳气其实是我们每个人生存所需要的能量，不论年龄大小，我们每天生活都是在损失能量的。能量缺失使身体呈现亚健康状态，尤其是现代人的紧张生活更是严重。我们要补充阳气，最好最天然的方法是用艾灸。因为艾草本是纯阳植物，被誉为百草之王。艾灸具有特殊的纯阳之性，能快速提升人体阳气，扶正祛邪，固本强身，激活提高免疫系统功能，促进新陈代谢，强内通外，增强人体应激能力，改善消化、循环、排泄、生殖泌尿系统机能的作用。阳气充盛气血就会充盈，脏腑经络的功能就会正常，人体的防御能力就会加强。正如《内经》所讲“正气内存，邪不可干，邪之所凑，其气必虚”。好像一座坚固的房子没有缝隙，那么再大的风雨也不怕。所以，艾炙能够起到防病调病，养生保健，抗衰老的作用，能够使人身体健康，益寿延年。
1.我的艾灸效果：艾灸治好了我的鼻炎和痔疮，改善了我的消化功能，这三个方面效果是很明显的，甚至是立竿见影，艾灸几天感觉就很明显。我原来是过敏性鼻炎，做过3次手术都不行，撸管之后就更加严重了，经常是鼻子不通气，抵抗力极为低下。后来艾灸后，一年当中基本都通气了，鼻子很少有堵塞的情况，即使外感风寒堵塞了，艾灸一次马上就恢复了正常。所以，有鼻炎困扰的戒友我建议你试试艾灸，艾灸足三里和合谷穴即可。我那时鼻炎还做过激光和激素喷剂治疗，疗效都不行，都赶不上艾灸的神奇效果。关于艾灸，推荐大家多看单桂敏阿姨的39博客和书籍《灸除百病》，还有她的讲座视频。很多经久不愈的慢性疾病，通过艾灸都取得了非常好的疗效，艾灸疗法对于慢性患者是很值得一试的疗法。痔疮痊愈的过程，我是先艾叶泡脚三天，然后痔疮就肿大了，无法下坐，就像黄豆大那么一粒，从第四天开始我就艾灸神阙穴，艾灸了2天，痔核就掉下来了，从此以后，痔疮就彻底好了，再也没犯过。单桂敏阿姨也讲到痔疮的艾灸案例，不过她推荐的是直接艾灸痔疮，那稍微有点痛苦，需要一定的忍耐力，到最后也是痔核脱落，然后就痊愈了。关于消化功能的改善，我曾经有2年左右大便不成形，腹泻也是家常便饭，后来通过艾灸足三里也改善很多了，刚开始艾灸，出现了排病反应，连续腹泻3天，把病气都排掉后，大便就开始成形了，肠胃吸收能力也改善了很多。在这里我要感谢艾灸疗法，因为仅仅看肠胃，我就跑过很多次医院，肠镜胃镜都做过，就是显示炎症而已，但是症状却是很明显，吃了很多药效果都不好，最后还是通过艾灸疗法得到了极大的改善。
2.排病反应：在灸疗过程中，绝大多数患者都会出现种种不适反应。如浑身发冷、出冷汗、冒臭气、吐痰涎、腹痛、腹泻等现象。甚至于多年前有过的病症会重复多次出现，由于这些不适反应与患者的病情有关，所以我们把这些不适反应统称为排病反应。排病反应是正邪斗争的结果。因为疾病的形成和发展，是正邪斗争并最终由病邪战胜了正气，在发病过程中会集体出现许多不适反应，同样患者接受灸疗后，元阳向病邪发动进攻，脏腑经脉里的病邪被驱逐，病邪被逐的过程就是排病反应。因此，治疗过程中的排病反应是治疗效果的前奏和标志。一般排病反应越强烈，治疗效果就会越显著。
3.阴虚是否可以艾灸：有人会说阴虚火旺者艾灸等于火上加火。其实无论阴虚阳虚，用艾灸都会提高人体的元阴元阳，都可以治疗诸虚百损。艾灸具有防病治病的双重调节作用，《灵枢经》经文中对于灸法的治疗范围和原则有着明确的记载：“针所不为，灸之所宜；阴阳俱虚，火自当之；经陷下者，火则当之；经络坚紧，火所治之，陷下则灸之，经满络虚刺阴灸阳。”说明灸法在很早之前就在民间流传的很广泛了。我们的先人已经用这个方法治疗过阴阳俱虚的人。
4.艾条的选择：我当初刚开始艾灸，买过很多艾条，有的艾条非常好，味道纯正，杂质少，很细腻。有的艾条则是很差，杂质多，根本捏不起来，燃烧过程中很容易断掉。一般艾条以陈艾为好，就是陈年的艾条，有一年陈，二年陈，三年陈，还有五年陈，一般就这几种，当然商家可能会虚假宣传，之所以买陈艾，是因为陈艾火力温和，不燥，渗透力更好，而新艾则比较冲，燃烧火力太猛，反而不如陈艾的效果好。多买几种艾条，然后多学习艾条的知识，慢慢就懂得艾条好坏差别了。我用的艾条和艾灸器具都是淘宝买的，也买过很多家，多体验多对比，就能分出艾条品质的好坏了。我们既然选择艾灸，那么尽量要买到质量上乘的艾条，这样才能保证疗效。
5.烟的控制：艾灸疗法很好，就是有2点不大受欢迎，一是容易起泡，二就是烟的问题。起泡现象上面已经讲到了，对于艾烟，很多人不大适应，可能觉得有害。关于艾烟，我还专门调查过，艾烟是有一定毒性的，鉴定属于微毒。但艾烟也有药性，也有疗效，因为里面有很多杀菌的物质，比如感冒时艾灸，如果吸入些艾烟，感冒马上就能好，抵抗力马上就上去了，以前病房也有用艾烟消毒的做法。我的建议就是，少吸入点没事，不要吸入太多，吸入太多也可能导致身体不适。如果你不喜欢艾烟，可以选择户外艾灸或者阳台艾灸，还可以在厨房排油烟机那里艾灸。
6.过度艾灸：不少人觉得艾灸疗效神奇，自己通过实践也体验到了。然后就天天艾灸，恨不得自己靠艾灸能活到120岁，其实这种想法也是不对的，所谓过犹不及，艾灸过度也容易造成身体不适，比如打不起精神，身体无力等表现。如果你有慢性病，刚开始可以天天艾灸，等到基本痊愈了，那就不需要天天艾灸了，定期做做保健灸即可。艾灸既是治疗手段，也是保健手段。在不少中医院都有艾灸室，现在不少城市有艾灸养生馆，但那里费用太贵了，不适合普通的消费群体，还不如自己买艾条在家里艾灸。我那时也犯过艾灸过度的错误，后来我发现每天艾灸反而没有隔断时间艾灸的效果好，摸到规律后，我就不每天艾灸了，而是改为一周一次艾灸，或者几周一次艾灸。我现在做保健灸，一般就几个穴位，比如足三里、合谷穴、肾俞穴，一般就这几个，以前我尝试过很多穴位，脚上的、手上的、胸腹的，大概尝试过几十个穴位，后来就定下这三个为常灸穴位，做做保健灸感觉很好。
7.艾灸不当导致遗精：艾灸某些穴位是可能导致遗精的。这在很多艾灸文章里很少讲到，毕竟有些写文章的是女性，对这方面没什么体验。我个人的体验就是，晚上艾灸涌泉穴，还有小腿内侧的穴位，那是很容易导致遗精的，晚上应该避免艾灸敏感穴位，这点大家要多注意。
8.艾灸禁忌：艾灸好，但也有很多禁忌，大家也是要多了解了解，避免盲目操作。
禁忌一：凡暴露在外的部位，如脸部、颈部、手臂等，都不要直接灸，以防形成瘢痕，影响美观。
禁忌二：皮薄、肌少、筋肉结聚处不要施灸，关节部位不要直接灸。此外，大血管处、心脏部位不要灸，眼球等也不要灸。
禁忌三：艾灸后半小时内不要用冷水洗手或洗澡，艾灸后要喝较平常多量的温开水(绝对不可喝冷水或冰水)，以助排出体内的毒素。
禁忌四：施灸时要注意思想集中，不要在施灸时分散注意力，以免艾条移动，不在穴位上。
禁忌五：要注意穴位的准确性，保持舒适的艾灸姿势，以保证艾灸的效果。
禁忌六：施灸时一定要注意防止落火，艾灸完后，可将艾条塞入直径比之略大的瓶内，以利于熄灭。
禁忌七：因施灸时要暴露部分体表部位，所以在冬季要保暖，以免治了旧病又添新病。
禁忌八：要循序渐进，初次使用灸法时要注意掌握好量，先少量、小剂量，以后再加大剂量，不要一开始就大剂量进行。
禁忌九：对于皮肤感觉迟钝者或小儿，可以用食指和中指置于施灸部位两侧，以感知施灸部位的温度，做到既不致烫伤皮肤，又能收到好的效果。
禁忌十：极度疲劳、过饥、过饱、酒醉、大汗淋漓、情绪不稳时，某些传染病、高热、昏迷、抽风期间，或身体极度衰竭、形瘦骨立时，或无自制能力的人如精神病患者等忌灸。
艾叶泡脚：这其实就是属于足疗，艾叶泡脚很便宜，几十元能买几大包，可以泡一整年。人的脚上有60多个穴位，艾叶泡脚是有一定治疗效果的，也可以有效改善体质，我那时不仅艾叶泡脚，还买个足底按摩器放在木桶里，这样既可以泡脚又可以按摩刺激脚底穴位，一举两得。但艾叶泡脚不能多泡，大汗伤阳，多泡身体要虚掉的，一定要注意控制水温，尽量避免出大汗的情况，连续出大汗，人很容易变得全身无力，呈虚脱状，艾叶泡脚一周1-2次即可。
总结：这季我分享了艾灸经验，希望有缘的戒友可以去尝试下，当然不要盲目尝试，应该先做些相关的了解，看看相关书籍和讲座视频，有了一定程度的了解后，再尝试去操作。艾灸疗法用得好，可以取得神奇的效果，很多慢性疾病，特别那种经久不愈的慢性病，通过艾灸可以获得很大改善，艾灸疗法也可以改善精子质量，可以治疗不孕不育，在这方面也是有不少反馈案例，单桂敏的39博客大家可以多看看，增长自己在艾灸方面的认识。
下面谈下拉筋体会
所谓“筋长一寸，寿延十年”，年纪上去了，人就会出现筋缩的现象。
拉筋的具体原理是什么呢？
首先，十二筋经的走向与十二经络相同，故筋缩处经络也不通，不通则痛。拉筋过程中，胯部、大腿内侧、腘窝等处会有疼痛感，说明这些部位筋缩，则相应的经络不畅。拉筋使筋变柔，令脊椎上的错位得以复位，于是“骨正筋柔，气血自流”，腰膝、四肢及全身各处的痛、麻、胀等病症因此消除、减缓。
其次，拉筋可打通背部的督脉和膀胱经，这对健康具有重大意义，因为督脉是诸阳之会，元气的通道，此脉通则肾功能加强，而肾乃先天之本，精气源泉，人的精力、性能力旺盛都仰赖于肾功能的强大。督脉就在脊椎上，而脊髓直通脑髓，故脊椎与脑部疾病有千丝万缕的联系。任督二脉在人体上是个循环的圈，各种功法要打通的任督二脉即是此意。膀胱经是人体最大的排毒系统，也是抵御风寒的重要屏障，膀胱经通畅，则风寒难以入侵，内毒随时排出，肥胖、便秘、粉刺、色斑等症状自然消除、减缓。膀胱经又是脏腑的俞穴所在，即脊椎两旁膀胱经上每一个与脏腑同名的穴位，疏通膀胱经自然有利于所有的脏腑。
第三，拉筋可以改善大腿内侧的肝脾肾三条经。
拉筋既是治疗，也是诊断。比如拉筋时膝痛而不直，则定有筋缩症，筋缩则首先说明肝经不畅，因为肝主筋，而肝经不畅脾胃也不会好，因肝属木，脾属土，木克土。如胯部、腘窝（膝盖反面）痛说明膀胱经堵塞，腰有问题。膀胱与肾互为表里，共同主水，凡膀胱不畅者肾经也不会通畅，浮肿、肥胖、尿频、糖尿病等皆与此相关。躺下后后举的手臂不能贴到凳面，则表明有肩周炎。有的人在拉筋凳上一躺，上举的腿不能伸直，下落的腿悬在空中不能落地，表明筋缩严重，不仅有腰腿痛症，可能内脏也有诸多问题。人从生到死的过程，就是个由软变硬的过程。婴儿气血最畅，故最柔，老子因此用婴儿形容柔，人长大后气血逐渐不畅，身体也因此逐渐变硬，人死则彻底成为僵尸。
拉筋对改善健康的确是有效果的，拉筋方面的知识我曾经了解过不少，但那时认识不深，体验也不够。那时没有拉筋凳，我就在家多做正压腿，效果也是有一些的，但不是很明显。后来，我开始练习单盘，我才真正发现拉筋效果不虚，自从我做了艾灸后，消化功能改善很多，大便基本能成形了，但还是不够稳定，但是练习单盘后，消化功能变得更好了。有了效果以后，我就把单盘坚持下来了。刚开始是够酸痛的，是一个痛苦难熬的过程，但慢慢适应后就越来越舒服了，体质也改善不少，内分泌也调整过来了，肤质也有改善。
拉筋的话，一般都有拉筋凳，几百元一个。没条件的人，也可以选择靠在门框上拉筋。我现在拉筋只做单盘和单盘热身的几个动作，不做腿朝上的拉筋，因为那样做稍微有些麻烦，当然有些人很喜欢那样拉筋，看个人的喜好和感觉了，拉筋并不是只有一个腿朝上的姿势。自己多了解，选择适合自己的姿势练习才是最好的。
总结：我是不反对就医的，大家有病的话应该积极治疗，我一般推荐中药调理，但是好中医难遇，如果你症状轻微，也并不一定要选择就医，坚持戒色养生即可有望痊愈。我之所以后来放弃就医吃药，是因为我那时已经看过很多医生，吃过大量的药，基本对就医吃药失望了，没信心了，所以转而寻求养生功法，只有靠自己了，我曾经寻求过医生的帮助，但是效果并不好，后来我才懂得，其实痊愈的希望掌握在自己手里，三分治疗，七分养生，戒色养生才是痊愈的基础，否则边吃边漏，无有是处。我艾灸，我站桩，我拉筋，其实也是自己在给自己治疗了，说是养生功法，其实也是治疗手段，在某种程度上，甚至胜过吃药的治疗方式。我就是鲜明的例子，我不是靠吃药好的，我是靠戒色养生好的。现代医学也证明，很多病其实都是生活方式病，熬夜、纵欲、久坐等不良生活习惯导致的疾病，首先必须戒掉不良的生活习惯，然后就是积极治疗加养生之道，这样才有望痊愈。每个人的痊愈过程略有差别，有的人靠药多些，有的人靠养生功法多些，但是如果不注重戒色养生，那迟早还是容易复发的。
这季推荐一本书：
《地藏经》，地藏菩萨本愿经，又称《地藏本愿经》，简称地藏经。这本书，我是推荐有佛缘的戒友看的。希望有佛缘的戒友千万不要错过。经中记载了释迦牟尼佛在忉利天宫（欲界六天的第二层天），为母亲摩耶夫人说法。佛在经中赞扬了地藏菩萨「地狱不空，誓不成佛，众生度尽，方正菩提」的宏大誓愿，并介绍了地藏菩萨在因地修行过程中的典型事例，如婆罗门女、光目女救度母亲的故事。我当初学佛看过地藏经的动画片，也看过地狱变相图，不过那时阅历尚浅，信根不深。后来通过不断学佛有了一定阅历后，信根也随之深厚起来，回头再看地藏经，才感叹这本经书的力量之大，地藏经就是佛门的孝经，真的是大孝之经。有学佛意愿的戒友不容错过此经。另外，我推荐大家可以多看看华藏光明的地藏经动画片，做得非常好。我都下载放在手机里了，可以时常看看，学佛是要多熏陶的，希望各位师兄能够在修行路上勇猛精进！南无地藏王菩萨！
				
第47季：良好戒色习惯的养成，时间效率管理

前言：
这季前言分享1个反馈和2个答疑案例戒色网 - 戒淫网-https://www.jiexy.com/40002.html
1.【到了午休的时候，我就躺在床上看飞翔老师更新的第46季文章，看完我就开练了，而且一站就是45分钟以上，以前的打坐、浑圆桩、抱树都从未有过，打坐是因为我妄念纷飞，用数息法也很难摄念，浑圆桩稍微一站久手就很累，我也坚持不住，抱树也只是3分钟的热情，可是子午内养功站桩往那一站，我就钟爱此桩法了（绝不夸张，此桩最大的特点就是不累，功力却很威猛！而且不需要完全摄念，站的过程中我还是会用数息法摄念或者念佛，还有就是从心里感恩飞翔老师），接下来奇迹就在我身上悄然发生，站桩过程中，飞翔老师说的“首先劳宫穴开始发热，发麻跳动至丹田发热”，我都有感触到，瞬间打通任督二脉以及全身大小经脉，几个月身体气血阻塞瞬间疏通，从未有过的清新爽朗的感觉顿时涌上心头！站完桩后，我手心出汗，背全湿了，顿时心里的阴霾一扫而空，重见天日啊！萎靡不振、猥琐不堪的我顿时可以笑容满面、活蹦乱跳啊！飞翔老师，我从心底里向您致敬！您让我省下了高昂的心理医疗费，让我可以信心十足继续和心魔战斗啊！而且有意思的是，站完桩后我还兴高采烈、兴致勃勃去公园抱了1个多小时的树，效果和此桩一样，都是立竿见影！回来后照镜子，凡是脸颊有贴过和没贴过的地方就是不一样，贴过的地方变得细腻白皙了，很是高兴！----净心者】
附评：46季我推荐的子午养生桩比较容易上手，很简单，也不累，易于坚持，效果是很明显的。我现在每天都有站此桩，这个桩得气是比较快，特别是手上的感觉。记得我以前很在意气感，有气感则心里很高兴，没气感则觉得效果不好，其实是掉进气感的窠臼里了，后来我才发现最重要的不是气感，而是舌抵上腭下来的那口华池水，那才是补益元气的宝贵药材，也就是人体的大药。现在我并不在意气感，而是很注重口中的华池水，每次站桩平均吞咽十次以上，华池水下来是清香甜美的滋味，和普通唾液完全不一样，在练功时分泌下来尤为明显，在平时也可以舌抵上腭，但没有练功时分泌那么多。我推荐的都是养生功法，并不是什么神功异能，我也从来没反对过看医生，该治疗的应该积极治疗，但三分治疗，七分养生，养生才是重头戏，不应该把希望都砸医生那，毕竟伤精的症状不是小感冒，不是吃几粒药丸就可以痊愈的。肾虚患者一定要注意戒色保精，否则上补下漏，万难痊愈，即使暂时好了，一撸就极易复发。记得有几位精索戒友去做了手术，手术后不注意保养，而且又开始破戒，结果精索又复发了，这能怪谁？所以我们自己一定要注意戒色养生，一定要注意保养，把痊愈希望都压在医生和手术上是非常错误的认识，一定要记住三分治疗，七分养生，孰轻孰重，一目了然。症状严重或者持续则应该积极治疗，然后配合戒色养生，这样恢复就比较快了。
2.【已戒200天，近来一次遗精后心魔进行了一次猛烈进攻，当时有些迟疑，然后就很难找回当初清心寡欲的戒色感觉了。到现在YY严重，如煎熬一般。自我分析与戒色稳定后自我意识增强和当初戒色觉悟不扎实有关，不知道该怎样脱离苦海？】
答：遗精后是破戒高发期，心理容易产生动摇，情绪也会出现不良变化。所以，必须意识到遗精后容易破戒，一定要提高警惕，加强学习，并且注意调整情绪，做好断念，这样就能平稳度过这段破戒高发期了。加油！
附评：遗精后是一个特殊时期，之所以特殊，就是因为这段时期是破戒高发期，遗精后不警惕是极易破戒的。一遗精，人的情绪不再平稳，就像飞机遇见气流开始颠簸，这时候就容易出现混乱，所以遗精后一定要注意情绪管理，让情绪重新恢复平稳。情绪管理这项能力，相信资深戒友会极其重视它，因为很多人就败在情绪破戒上。情绪管理和情商有关，而情商是可以习得的，就是通过学习是可以提高情商的，自己多看看情绪管理方面的书籍，提升这方面的理解和认识。做好情绪管理，戒色才会更稳定。戒色成功需要一个稳定的心理环境，我曾经把戒色比作走钢丝，你应该保持高度警惕，并且保持心理的稳定，如果你心理混乱，那肯定会掉下来的。有的戒友听我说要保持高度警惕，然后他看见女人就害怕，走在街上很紧张，整日把自己搞得神经兮兮的，影响到了正常的生活。其实他误解了我的意思，保持高度警惕，并不是过度警惕，就像走钢丝，过度紧张也是会掉下来的，我们戒色就像弦，不能绷太紧，会断，也不能太松，容易破戒。不紧不松方合中道。保持高度警惕，就在不紧不松之间，这个需要自己好好把握。
3.【飞翔大哥，您说只要熟背断YY口诀就可以彻底降伏YY，而且所有的SY都是YY在前的，那我们还要提高觉悟干什么？每天只要像念佛一样背口诀不就好了？您在您的文章中始终没有点透这一点，希望您能去掉我的疑惑。我准备加诵四种清净明诲，不知可有用处？】
答：过了意婬关，戒色就成功了一半。断意婬也属于觉悟的范畴，戒色觉悟还包括情绪管理、遗精控制、还有养生之道等。熟背断意婬口诀是必须的，提高综合觉悟也很重要，否则综合觉悟不高，那还是有可能会破戒的。持诵四种清净明诲很好，如果你有佛缘，有这个信力，建议可以每日持诵四种清净明诲，这样可以帮助你净心，足够虔诚的话自然能获得加持力，加油！
分析：我是建议大家平时多背诵断意婬口诀的，你如果觉得四句有点长，可以背两句，也可以背一句，只背个念起即断即可。很多戒友断意婬不得力的原因就是临阵磨枪、临时抱佛脚，到了意婬出现时，再想起背断意婬口诀，发现不怎么管用。其实，要真正用好这个口诀，就必须在平时大量重复背诵，就像念佛号一样，每天念几百遍直至形成条件反射，邪念一起，马上自动就断掉了，完全自动化了，根本不需要经过大脑的思想挣扎，如果你还要挣扎或者犹豫，那就说明你功夫没到家。当这个口诀念得烂熟时，就像口头禅一样，下意识就会断意婬，就像电脑的自动杀毒软件一样运行，到时候断意婬就得力了，一点都不会思想挣扎了。其实念佛号也是如此，大量重复佛号，有妄念了，马上转成佛号，完全自动化，完全下意识，根本不需要思想挣扎，也不会出现犹豫不决。要达到这个境界，唯有大量重复，一定要达到条件反射的地步，达到自动化断除邪念。千万不要平时不念，到意婬攻击你时，再想起来用，那是钝刀，不给力！断意婬口诀就像一把刀，你平时一定要磨锋利了，到时候意婬来时，就能给上力了。否则到时候你犹犹豫豫，还要经过一番激烈的思想挣扎，弄不好最后还是会破戒，那就很被动了。
下面步入正题
这季就良好戒色习惯的养成，时间效率管理和大家做一个分享，具体如下：
很多戒友都提到了习惯的重要性，因为他们看到了习惯的巨大力量，好的习惯和不好的习惯都有巨大的冲力，就像巨石从高处滚落，带着你前进或者带着你自毁。把破戒归咎于习惯是不少戒友的真实想法，的确有些习惯是容易导致破戒的，还有一些不良习惯则不利于身体恢复，养成良好的戒色习惯其实也属于觉悟的一部分。下面例举几个不良习惯：
1.不良习惯之赖床：赖床是一个很不好的习惯，赖床也容易导致破戒，赖床破戒我在破戒类型里有专门总结过。赖床时意婬容易跑出来，而且赖床对身体健康也不大好，中医讲久卧伤气，一直不起床，会影响人体气机的生发，有的戒友甚至不吃早饭，这样对身体更不好。赖床这个习惯一定要改掉，醒了就应该马上起床，不要在床上东想西想，更不能沉迷意婬。要克服赖床习惯，首先要发大决心，要对自己说：从明天开始永远不再赖床。其次，可以借鉴酒店的叫醒服务（Morning call Service），住过酒店的人都知道，一般的酒店都有Morning Call Service，定好闹钟，放在够不着的地方，到点马上“鹞子翻身”或者“鲤鱼打挺”。起床要够坚决！
2.不良习惯之睡前必撸：睡前撸管的戒友非常多，不撸管他就睡不着，养成习惯了。一撸管射掉，人就会有疲倦感，会打哈欠，中医：肾为欠为嚏。射掉的一刹那，有的人甚至会感到大脑被瞬时抽空，中医：肾上通于脑。其实肾与脑是相通的，肾虚后脑力会下降，脑力下降在戒友中也异常普遍，这就不用我多说了，多看案例即可知道。射掉后，人就容易有疲倦感，有了疲倦感就容易入睡，而且在射掉的第二天早上也容易睡懒觉，就是睡不醒。中医：肾虚嗜卧懒动。所以前天晚上撸管，很容易造成第二天睡不醒或者赖床。刚开始是睡不着撸管，所以很多人形成习惯了，但是恶果在后头，伤到一定程度后就会出现神经症，常见的是神经衰弱，到时候就是越撸越睡不着，特别煎熬和难受，真的是苦大了。而且一旦伤到神经，恢复的时间是以年计的，严重的至少要一年以上。
3.不良习惯之懒散拖沓缺乏耐心：肾虚后人就容易变懒了，人本身也是有惰性的，我们要更好地戒色，必须要克服懒散的习惯，养成良好的学习习惯。懒散与拖沓似乎是一对兄弟，懒散的人基本也有拖沓的习惯，总是说明天再做，总是觉得自己有的是时间，等到明天了，又说后天，不知拖到猴年马月。我们要做成一件事，在考虑成熟后是需要立马行动的，执行力要强，行动要果断。戒色神力来源于学习，学习提高觉悟，觉悟战胜心魔。很多戒友懒于学习，而且学习拖沓、没计划，并且缺乏耐心。撸管的人，肾精一丢失，人就容易变得浮躁，所谓心烦气躁，脑力再一下降，根本无法安心学习，自己意识到这个问题，就要学会调整，尽快找回良好的学习状态。我的建议就是一点点学，刚开始不要给自己太大压力，让觉悟一点点积累，准备一个戒色笔记本，看到好的戒色句子就摘录下来，一天摘录10句，一个月就是300句，时常复习摘录的句子，这样觉悟不知不觉就上去了。
关于拖沓的习惯，我建议可以给自己定时，在一个时点前必须完成学习任务，给自己一个时限，给自己一点压力，把自己的积极性调动起来。当你养成良好的学习习惯后，即可战胜懒散和拖沓，慢慢进入状态后，学习也会变得富有耐心。每天都要反省，今天是否学到了新的内容或者有了新的领悟，必须让觉悟持续提高，在学习的过程中一点点积累，合抱之木，始于毫末。很多戒友的问题就是学习不定时，不定量，想起来就学，没热情时十几天都不看戒色文章，所谓一曝十寒。这样觉悟是无法持续提高的，而有的戒友每天都有进步，虽然是小小的进步，但他没有停止进步，他很注重每天的积累，这样坚持一段时间，他的觉悟就会飞升，量变产生质变，最终会迎来大翻身。
4.不良习惯之久坐熬夜：不少戒友是在戒色，但是他的养生意识非常差，这样对于身体的恢复是很不利的，久坐伤脾伤肾，熬夜则更伤。熬夜和久坐也是温水煮青蛙式的伤害，不知不觉就在废你了。我们要让身体更好更快地恢复，一定要注重养生之道，养生意识要建立起来。特别是神衰戒友更不能熬夜，熬不起啊伤不起。熬夜会减慢身体恢复的进度，熬夜久坐的危害我在前面的文章有多次提到，这两个习惯一定要改变，另外，保持良好的饮食习惯也很重要，按时吃饭，按时休息。不要想起来就吃，不要等到很累很累了再睡觉，保持规律的饮食作息异常关键。不要说撸管纵欲，就是熬夜和久坐就能导致很多疾病，属于生活方式病。意识到了，我们就要学会改变，久坐每40分钟起来活动下，舒展一下身体，走动一下，让身心放松一下。学生党熬夜的问题，应该尽量提高学习效率，避免熬夜的发生。住宿的可以和室友好好沟通下，10点半熄大灯，不睡觉的可以开台灯，不要出声影响别人休息。工作熬夜就比较难办了，我现在聊过的戒友，有不少要上夜班，很伤身体，只能自己多注意保养，加强食疗，避免劳累。记得一位戒友因为夜班吃不消，后来就辞职了。如果你又撸管，又熬夜久坐，你就会废得很快，相当于三把斧头砍一棵树，没多久树就倒下了。
养成良好的戒色习惯非常重要，我们戒色更要注重修德，戒色的人应该是一群有素质有教养的人，是一群真正具备正能量的人。很多戒友，特别是新人，还是心胸狭窄，充满嫉妒心，看到别人破戒则幸灾乐祸，看到别人破戒就嘲笑挖苦一番，如果你是想骂醒对方帮助对方，那也无可厚非，而有的戒友则是出于阴暗心理，见不得别人比他好，看到比他差的则嘲笑羞辱，这其实是一种自卑和缺乏安全感的表现。戒友之间应该互相鼓励，交流经验，互相促进。别人戒得比自己好，应该为他感到高兴才是，别人如果戒得比自己差，则应该尽量帮助对方，把自己好的经验分享给对方。希望对方比自己好，才是君子之想。君子心地光明磊落，充满正能量，让我们消除嫉妒心，让我们做一个无私奉献的人。
修德很重要的就是学习传统文化，传统文化论坛的内容我是专门有学习过的，相关讲座也听了很多，的确受益良多。传统文化和传统价值观正在沦丧，现在很多年轻人以放纵为乐，互相攀比的都是吃穿用，甚至攀比自己的放纵经历，其实到最后还是害了自己，而他因为愚昧无知，根本不知道自己这样做有什么不对。他周围人都在这样干，他也这样干，大环境是放纵的，他自然也就被同化了。传统文化论坛里的王双利讲座，我看了好多遍，他讲座的题目是《醉生梦死浪子归》，学习传统文化前，他是吃喝嫖睹抽五毒俱全，学习传统文化后，他彻底醒悟了，所谓迷途知返是勇者，他真的改好了。传统文化论坛推广的是《弟子规》，我曾经也向戒友推荐过弟子规，培养正确的人生观是异常重要的，否则一味攀比物质，一味满足自己的感官，这只会让自己的精神更空虚，因为欲望是无底洞，永远不可能彻底满足，而你纵欲是要消耗肾精的，肾精是人体最宝贵的物质，不少人没有任何中医养生常识，还以为吃几个鸡蛋就能补回来，真能补回来，还会症状缠身吗？真能补回来，那些皇帝怎么年纪轻轻就挂了？皇帝不比你吃得好？最顶级的食物加上太医都不行。关键还是要学会戒色保精，很多古代名中医都有要求患者禁欲的嘱咐。华佗与顿子献就是很好的一则医案，大家可以搜着看看。精少则病是绝对的真理，经过几千年的验证，老祖宗是不会欺骗子孙的。
传统文化里面也强调孝道，百善孝为先，弟子规里也很强调孝顺。中医讲三阳开泰，动则升阳，善则升阳，喜则升阳。而百善孝为先，你如果很孝顺你父母，你的心境也会好起来，心境好了，身体的不适也会跟着好起来。身心是互相影响的，尽量不要惹父母生气，有什么事情可以好好沟通，沟通失败可以先顺着，孝顺孝顺，要懂得柔顺之道，千万不要顶撞父母。惹父母生气很不好，因为生气是会导致疾病的。说话要注意语气，即使父母有不对的地方，也要学会好好沟通。我们戒色也要注重孝顺，不少戒色文章都强调过孝顺，孝顺属于正能量，你多孝敬父母，多孝敬长辈，也是在增长自己的正能量，有了正能量戒色也更容易成功。
下面和大家分享下时间效率管理
我们大家都有一项极其宝贵的资源，这就是时间资源，如何用好时间，如何在有限的时间内达到效率的最大化，这是一门学问，我专门研究过时间管理和效率管理，不管做任何事，都要学会使用时间，管理时间，并且努力提高自己的效率。效率！效率！效率！这个词太关键了。我们戒色就是要提高学习戒色文章的效率，提高对戒色文章的吸收率，不能看过就忘记，那样是不行的，很多人看戒色文章就像看电影，看过一遍就不看了，看一遍和看十遍的吸收率是完全不同的，走马观花看一遍，很多知识都没吸收到，就像吃饭，大家同吃一碗饭，有人吸收率只有一粒米，有人吸收率就是满满一碗饭。吸收率高，长觉悟就快。长觉悟和长身高一样，一方面要吃，另外一方面就是要能吸收。否则光吃不吸收，那就等于零。
有个戒友看《戒为良药》看了11遍，到现在都没破，能看11遍的人，绝非一般人。对于好的书籍，我也会反复阅读，每次阅读都有新的收获，如果仅仅看一遍，很多精华的东西都会错过。对于戒色，大家应该采取钻研的态度，不断理解，不断认识，真正掌握戒色的规律和原理，当你真正掌握了，戒色成功将变成可能。我在前面文章曾经说过，戒色吧的确存在一批天赋极高的戒友，这类戒友觉悟提升极快，大家应该多向他们学习。
下面关于提升效率的要点和大家做个分享
1.强劲的戒色动机，强动力的想法：大家戒色基本都有恢复健康，恢复容貌的需求，这是普遍的戒色需求，而有的戒友是被症状逼上梁山，不得不戒，再不戒就完了，甚至有的是已经废掉了才开始戒，有的戒友戒色动力超强烈，他对自己要求很严格，对待戒色他拿出了十二分的热情与勇气，而且比较持久。他非常渴望学习戒色文章，如饥似渴，我当年的学习状态就是如此，太渴望学习了，就像一块海绵疯狂地吸收戒色养生知识，我想知道得更多更深入，而不是浅尝辄止。我对自己的要求也很严格，就是彻底戒色，包括意婬也戒掉，因为我通过学习中医知识，知道意婬伤害也很大，所以戒色必须彻底。当时我的想法就是一定要戒掉，别无选择，因为我已经伤不起了。那时我已经成了医院的常客，经常跑医院，但我发现医院也救不了我，只有靠我自己。那时我的出路就是破釜沉舟，这就是我的戒色决心和动力。戒色是需要一个强劲的动力的，否则你的潜能就出不来，人都是逼出来的。很多戒友看了不少案例，出于恐惧而戒色，因为他不想等到废了再戒，那样恢复难度就很大了，出于恐惧也是很强烈的动力，因为你已经看到了下场，不戒就和他一样惨。有了强劲的戒色动力，效率就容易出来，因为你一直不断地想学，就像迷上网游一样，那种全身心投入的状态，不知疲倦，也不会觉得厌烦，就是那种状态。我那时的学习状态就是那样，得到一条养生知识如获至宝，马上就记下来，生怕错过。那时我觉得自己像个挖宝的人，不是在山上挖宝，而是在书上挖宝，挖知识的宝。现在我不提倡那样着迷戒色，还是应该注意休养，在学习和养生之间找到平衡。以前我一天可以看完一本书，现在我一般分几天看完，让自己收着点，以免过度劳累伤身。大家如果能把看H的兴趣和热情转移到戒色上，那一定会戒色成功的。就怕你戒得不坚决，戒得马马虎虎，那样就难了。你是想戒色成功？还是十分想，还是百分想，还是千分想，还是万分想，亦或者一定要！从你对待戒色的渴望程度和迫切程度，我就知道你戒色成功的可能性。
2.做笔记：学习戒色文章最好的办法就是多做笔记，我那时天天在看书做笔记，其实现在我天天也在看书做笔记，不过是以佛法方面的内容为主。做笔记其实已经在吸收了，看只是微吸收，看的吸收率很低下，真正能过目不忘的人极少，当你拿起笔开始做笔记，对文章的认识就会深入很多，在做笔记的时候，很容易产生自己的思考和领悟。大家都是学生党过来的，做笔记的重要性，相信每个老师都强调过的。不断做笔记，并且不断温习笔记的内容，温故而知新，还要尝试背诵重点句子，这样觉悟就能稳步提高，做笔记和复习笔记是觉悟提高最好的方式。而笔记的内容也可以灵活掌握，只要你觉得重要的句子都可以记下来。
3.激励热身运动：在开始学习前，应该要学会激励自己，可以说些激励自己的话，也可以稍微活动一下，让自己兴奋起来，这样就比较容易进入状态。NBA球员在打球前会通过听歌让自己兴奋起来，他们还会相互喊话鼓劲，然后全身心地投入比赛。我们学习戒色文章也要学会找状态，像学校早晨的广播体操，其实就是一种激励热身运动，通过身体的适量运动，很快让心理找到感觉，一旦身体振奋活跃了，心理也会很快进入状态，从而告别昏昏沉沉的不良精神状态，变得更容易集中注意力，这样学习效率就会提高。这里要提醒大家的就是不要做太激烈的运动，稍微活动一下即可，不能搞得太累，那样反而不利于学习。
4.学习计划：曾经有戒友要我给他做戒色计划，其实我自己也没详细的计划，所谓计划赶不上变化，我只有一个模糊的计划，遇见具体情况是需要作出调整的，我那时就是保证自己每天都要看一页书，至少一页书，状态好时，可以多看，状态差时，不能少于一页书，就是保证每天都有学习，一天都不中断。这样坚持一段时间，就会真正看进去，然后就把页数规定为5页，不能少于5页，当然是要做笔记的，不是走马观花看过就忘记。不断地看，不断复习，这样觉悟就能持续提高。龟兔赛跑，不怕你跑得慢，就怕你彻底休息。只要你在跑，你就会越跑越好，最终量变产生质变，迎来大翻身。实际戒色中，很多戒友毫无学习计划，单纯靠热情戒色，热情一消退，对戒色文章就毫无兴趣了，再也找不到感觉了，越戒越差。如果能养成每天学习的习惯，那就不会出现热情消退的尴尬了。持续提高觉悟是戒色成功的王道，大家应该保持良好的学习习惯，不要单纯靠热情戒色。有了学习计划，就可以按进度去做，就不会一曝十寒，不要规定自己多久能戒色成功，做好每一天才是真的，每一天都做好，自然会迎来戒色成功。给自己压力，但不要给自己太大压力，太大压力很可能会导致失去信心。我的学习计划，就是每天都有学习，不一定要多，但不可中断。
5.全断隔离：就像把你关进监狱，断网，断电视，断手机，禁言，只给你戒色文章还有纸笔。你什么都不能干，只能干一件事情，那就是学习戒色文章。全断隔离，其实就是为了排除干扰，现实生活中干扰太多了，让你分心的事情也太多了，这样就很容易影响到学习的效率，看一会书，马上去玩手机了，看一会书，马上上网打游戏了，没有定性，不能集中注意力干好一件事。如果有人命令你，今天必须看100页的书，看不完不能吃饭睡觉，你会怎么样？你肯定会很投入去看书，当你排除一切干扰，你会发现自己的潜能完全出来了，原来你真的可以一天看100页书，甚至200页，300页，乃至一本书。有些戒友对戒色文章完全入迷了，如饥似渴地想学想看，他的投入程度决定他的进步速度。如果你排斥学习，或者三心二意马虎学习，那样进步是很缓慢的，效率低下。
6.休息最少化：一周当中可以安排1-2天休息最少化，休息最少化就是为了保持学习的持续性，也就是尽量不中断。一鼓作气看下去，如果一中断，原来那股气势就会削弱很多。就像打篮球一样，突然让你下场，再上场可能完全找不到感觉了。尽量把更多的时间用于学习，省掉闲聊的时间，省掉喝咖啡的时间，省掉逛街的时间，省掉打球的时间，把更多的时间倾注在学习上，这样你可以一天学习8小时，或者10小时，这一天就是为了高效学习而特设的。就像运动员有高强度训练日，教练一般会先安排中低强度的训练日，状态出来时，教练则会安排高强度的训练日，这样进步会更明显。戒色学习和网游练级一个道理，一天投入8个小时进步快还是投入1个小时进步快？当然，我不提倡你每天都学8个小时，但应该保证一周有一天是高投入的学习状态。
7.快进加速：让一切活动都开启快进键，就像DVD的快进键，你可以走路快些，你可以吃饭加快些，不要边吃边闲聊，你可以刷牙稍微快些，一切的加快都是为了把时间挤出来用于学习，让自己的生活具备一些紧迫感，不要懒懒散散，一点都紧不起来，那样是无法进入最佳的学习状态的。有了一定的紧迫感，全身的能量就会被激活，干事情也更容易集中。这其实也是给自己一点压力，无压力则无动力，有压力才能出油，稍微给自己一点压力，这样效率就会出来。不过，大家要注意，不要给自己太大压力，那样很可能会适得其反。
8.切割时间：所谓切割时间，就是把时间分成一段段的，然后在每一段时间内都尽量达到最大效率，就像把时间都切割成45分钟，在每个45分钟内，你要给自己上紧发条，努力在这45分钟内达到最高的效率，比如你原来45分钟内只能看10页书，但是如果你有这个效率意识，你就会给自己鞭策，在45分钟内就可以看15页书，这就是效率的提升。高效的45分钟过后，可以休息15分钟，然后再开始下一个高效的45分钟。
9.经常复习：我一直坚信复习是学习之母。温故而知新，每次复习都会有新的收获，每次复习都是再巩固再加深认识。大家应该时常复习戒色笔记本，你的戒色笔记本就是文章的精华所在，你要通过复习，把那些精华的戒色知识和意识转化成自己的，如果你能有自己的思考和领悟则更好。有的戒友不能每天上网，但千万不要离开戒色文章，在定力尚浅时，更应该每天都要抽出时间来复习戒色笔记本，高三党时间少，我建议每天至少抽出10分钟来看下戒色笔记本，然后保持高度警惕。不断复习是提高吸收率的最好方式，大家一定要注重复习。
10.学会放松：在学校老师应该会说劳逸结合，我们学习戒色文章也是如此，有休息最少化的高效日，但也没必要每天都绷得很紧，马放南山是为了养精蓄锐，高效日每周安排1-2天即可。其他时间可以自己调整，累的时候少看些，状态好的时候可以多看几页，但尽量不要中断，至少至少要看1页，养成良好的学习习惯很重要。
11.尽早完成：尽早完成任务，其实就是避免拖沓，很多人都喜欢拖沓，拖到不能再拖才想着去做，那样其实就很被动了。比如可以下午完成的任务，一定要拖到晚上熬夜，时间流逝是很快的，不知不觉就过去了，所以我们要抓紧时间，时间管理有把任务分为：重要、不重要、紧急、不紧急。我们要首先完成紧急的任务和重要的任务，把握主动，切忌拖延，越拖延越被动，最后导致仓促完成，效率很低下，甚至出现无法完成的情况。对于需要完成的任务，我只想说四个字：马上行动！不要再拖延了，请果断些。
12.寓乐于学：就是让事情变得有趣，不要把学习当作一件很痛苦很困难的事情，而是要把学习当作一件很自然的事情，让学习变得有趣很重要。学习戒色文章也是如此，主动学习者永远比被动学习者强百倍，主动学习者就像牛自己吃草，吃得很欢。而被动学习者是要人按着才肯吃，甚至按着也不吃，这就没办法了，师父领进门修行在个人，你自己不看戒色文章，谁也帮不了你。我们要学会纠正自己的错误想法，学习并不痛苦，只是为了让自己懂得更多，有了觉悟才能战胜心魔，每学到一条戒色知识，你应该感到高兴才对，并且要有学习更多知识的渴求，这就是求知欲，强烈的求知欲决定着你的进步速度。为何有人看一遍戒色文章就厌烦了？他以为自己懂了，其实只是走马观花，而有的人可以看十遍以上，每次看都有新收获。你说这两种人，哪种人更容易戒色成功？不言自明。
13.设置专用时间：专用时间很好理解，就像吃饭有吃饭的时间，睡觉有睡觉的时间，而我们学习戒色文章也最好能做到有规律且定时定量。每天什么时间学习戒色文章先规定好，然后到点就好好用心学习，在专用时间里，尽量达到效率最大化，其他任何事情都靠边，这段时间戒色专属，雷打不动，专心学习。
14.分解目标：要完成一个大目标，可以分解成若干小目标，比如一本600页的戒色书籍，你可以每天看10页，60天即可看完，保证进度不中断很重要。如果你每天看20页，30天即可看完，如果你每天看50页，12天即可看完。把大目标分解成每日可以轻松完成的小目标，这点技巧非常重要。很多人看着600页的书望洋兴叹，这猴年马月可以看完啊？其实掌握了方法，即使1000页的书也可以很快看完。就像造房子，保证进度，万丈高楼平地起。就怕你无法保证进度，三天打鱼两天晒网。
最后总结：
这季分享了时间效率管理，就我的经验和认识和大家分享了一下，时间效率管理是一门学问，有兴趣的戒友可以自己买些相关书籍看看。当你掌握了相关的方法，效率就会提升好几倍，学习工作有了效率，你就可以更好地安排自己的生活。
				
第46季：压箱底的身体恢复秘籍之养生桩

前言：
先分享一个树疗案例戒色网 - 戒淫网-https://www.jiexy.com/40003.html
【我一直在树疗，马上两周了，每天至少半个小时的树疗，我抱的是银杏树，确实是有效果，就是刚抱完树，皮肤会细腻白皙，但是过一会儿就恢复了我以前的皮肤状态，我每天都要用电脑很长时间，跟这个有关吗？请问如何才能留住树疗后的白皙细腻？】
分析：这个戒友体验了树疗，选择的是银杏树，我现在做的是香樟树和银杏树，银杏树一般比较干净，也比较温暖，做完效果是比较好，效果最显著的其实是第二天晨起，当然刚做完效果也是立竿见影的，但是这个戒友的养生意识很差，久视电脑会得“屏幕脸”，是会抵消树疗效果的。久坐伤肾伤脾，久视伤肝，如果打游戏熬夜，那就更伤了，熬夜很伤气色，会导致内分泌失调，很容易出现黑眼圈或者痘痘加重等。所以，我们在做树疗的时候，一定要注意养生之道，并且严格控制遗精，遗精一次至少抵消3天的树疗效果。还有就是树疗时间要保证，最好能保持在1个小时以上，2个小时以上则更好，当然不一定要一次站2个小时，你可以做会树疗休息会，再接着做，自己灵活把握。没时间的戒友至少保持每次半小时，无聊可以听歌。另外，做树疗要注意安全，太野生的环境可能有危险，比如有蛇，还有就是不要在河边做，特别是没有护栏的河边，一不小心可能掉河里。选择树和选择环境很重要，尽量不要跑到荒无人烟的地方去，可以在公园人少安静处，反正人家也不认识你，时间长了脸皮也厚了，无所谓了，习惯成自然。做树疗效果是不错的，但也要看你有没有这个缘分，有没有时间，有没有适合的环境，有缘坚持练习者，一定会真实体验到树疗的神奇效果，完全自然完全免费的皮肤保养。
再分享一个戒色新人的答疑
【本人也算是撸龄很久的一个，有10年左右了，看了你的戒为良药后，确实感慨很多，我非常同意你的观点，戒掉是必须的，但是有几个问题想问你下。第一，你说了你之前有前列腺炎，但是在戒掉1年之后彻底恢复了，那么你是从检查报告上得到的结果说你恢复了还是说你个人感觉症状恢复了？如果是去检查了的话，能不能把你的检查报告发上来让我们看下，第二，你说你之前有早泄和重度阳痿的情况，那么你目前来看也戒掉3年了，你在你的戒为良药那个文章中也说到了1年左右恢复了，请问这个症状恢复的依据是什么？既然3年多没有破戒，那么怎么知道功能恢复了？第三，我想知道在什么症状的情况下是需要一直吃药+戒色的，在什么症状的情况下只是戒色+锻炼+食补就能好的？】
回答如下：
1.坚持戒色养生一年多，前列腺炎的症状全部消失了，曾经复查过前列腺液，指标已经完全正常。坚持戒色养生，积极锻炼，慢前是会慢慢恢复的，吧里有缓解恢复的帖子，你是新人，多看增加阅历，就不会再有怀疑。
2.恢复依据从晨勃质量即可看出，不一定要试，如果觉悟不高，很可能会一发不可收拾，重新开始沉迷撸管。我在《戒为良药》里面有讲到的，这个问题我好几季文章都讲到，建议你仔细看看。另外，早泄阳痿恢复的案例也是有的，上上季我一张截图就是一个戒友早泄恢复的真实案例，早泄阳痿恢复的案例还是不少的，家兴哥阅历也很丰富，他也知道很多人恢复了，他自己也有恢复的经验。坚持戒色养生，早泄阳痿是有望恢复正常的，有的戒友会去试，但我不会去试，因为我不想为了试而去破戒。
3.症状严重或者症状持续是需要积极就医治疗的，然后三分治疗，七分养生，彻底戒撸是必须的，否则很容易复发。
加油！新人疑问多，很正常。如果你有很深厚的阅历，这些都不是问题。
分析：新人难免有诸多疑问，其实这三个问题我已经回答过无数次了，很多新人觉得前列腺炎是不可恢复的，因为他们阅历有限，没有遇见真正恢复的人，没有遇见不代表不存在。慢前患者真正彻底戒撸的有几人？都是用药缓解或者暂时痊愈了，之后就是继续撸管，然后就又复发了，久而久之，就得出这样一个结论，那就是：前列腺炎是终身的，是无法治愈的。其实这种观点是一种偏见，有痊愈的人，只是你没遇见。你没遇见，就说不能痊愈，实属以偏概全。很多人是戒撸了，但不注意养生，遗精频率也无法控制，结果就是恢复不尽理想，戒了一年多还是无法恢复，这其实就是恢复上做得不好。真正痊愈的人，必须是彻底戒撸，严格控遗，加上有自己一套系统的养生恢复方法，这样才有望恢复，戒色和养生这两方面都要做到位才行。很多戒友撸久伤深，恢复相对比较慢，这时候需要保持耐心，做好持久战的准备，在养生方面下足功夫，面对症状的反复期，也要有足够的心理准备。说实在的，很多戒友都不是在彻底戒撸，意婬也控制不了，养生意识也没有，这样要谈恢复，犹如痴人说梦。戒色以及恢复的思想误区实在很多，如果不弄清楚，结果就像进入迷宫，可能一辈子都转不出去了。
晨勃质量的提升是早泄和阳痿恢复的一个表征，但有的戒友几乎没晨勃，但是他也没出现早泄和阳痿，这种情况也是存在的，他没晨勃其实肾气已经不足了，如果再透支下去，性功能很可能会出现问题。晨勃质量是浮动的，和季节、饮食、锻炼等因素都有关系，有一个相对稳定且高质量的晨勃，是性功能恢复的一个指标，大家可以参照这个指标去观察恢复情况，如果你一直想着去试，那是心魔在怂恿你，如果你仅仅是为了性功能而戒，那么肯定无法长久，因为你会一直纠结去试，越试越破戒，根本无法戒色成功，何谈身体的恢复？一般坚持戒色养生一段时间，晨勃消失的戒友会发现自己的晨勃有所恢复了，这其实就是肾气恢复的表现。刚开始戒色，晨勃可能会一度消失，属于戒断反应，有些新人不懂，就容易产生恐慌而破戒，还以为禁欲有害，其实这是戒断反应，只要坚持戒色养生，晨勃是会慢慢恢复正常的。当晨勃质量很好了，那就说明你性功能恢复得相当可以了，JJ就像气球，就是靠肾气充满的，从晨勃质量完全可以看出你肾气恢复的情况，而性功能的恢复是和肾气的恢复密切相关的，所以，从晨勃质量即可看出性功能的恢复情况，高质量的晨勃是肾气恢复的一个金指标，而且这种高质量的晨勃不是那种昙花一现的，需要一定的稳定度。就像你偶尔碰运气打了10环，那是你真实水平吗？有人打十枪，七枪以上都是10环，而有的人打十枪，只有一枪10环，稳定度不行。
有些人吃了助长性欲的食物或者药物，马上出现了好晨勃，然后不吃，马上就又不行了。这就像运动员打兴奋剂一样，打了兴奋剂跑得很快，不打就又慢下来了，并不是自己真正的实力。肾气是需要慢慢养回来的，并不是靠几副中药就能马上补回来的，姚明不是一个晚上长到2.26米的，是一个缓慢积累的过程。中医讲：服药百裹，不如独卧。吃一百副中药，不如自己睡一个晚上。意思就是自己睡觉不和老婆同房，你一同房，一百副中药的效果都泄掉了。在发育期，很多人可以天天都高质量晨勃，随着年纪的增加，晨勃频率和质量都会不同程度下降，甚至晨勃会彻底消失，一般坚持戒色养生一段时间，晨勃会有所恢复的。年纪大了，肾气不可能像十几岁时那么饱满了，自己一定要注意保养。
关于我以前写的文章，我说恢复的就是恢复了，本着实事求是的原则，没必要骗大家。比如白发、脱发和慢前都恢复正常了，现在只有几根白发，原来真的非常多，不算头顶后面，就两侧就各有几十根，脱发完全恢复正常，也没有慢前的症状表现。慢前我现在还是很注意保养的，因为久坐熬夜、劳累或者遗精后，还是有可能会复发的，并不是一劳永逸的恢复，因为伤精的方式不止撸管一种。就我目前来说，恢复情况还是比较稳定的，戒到现在，慢前基本没复发过，因为我严格控遗，也未破戒，是彻彻底底的戒色，连意婬也戒掉了，另外我很注意养生之道，这样就把复发的概率降到了最低。我的鼻炎问题较之以前恢复很多，很少犯鼻炎了，和艾灸之功也是分不开的，痔疮也通过艾灸治愈了，这些都恢复了，鼻炎虽未彻底断根，但已经很不错了，较之以前已经好很多了。恢复是一个系统工程，我在恢复方面下的功夫很多，我能恢复成现在这样，我自己也相对比较满意，我把经验分享给大家，希望大家也能早日恢复到满意状态。
有些戒友可能会觉得要医学证明才是恢复健康，其实这是一种误解，很多功能性的问题根本检查不出来，就像很多神经症患者，已经生不如死了，已经天天想自杀了，躯体症状多得很，但是他去医院做检查，什么也查不出来，家人甚至怀疑他装病。有的戒友去查前列腺液，完全正常，但是尿频尿急的症状却很明显，有些功能性的问题真的不是检查可以看出来的，医学仪器检查是有一定局限的，正因为这个原因，引起很多医患之间的误解和矛盾，患者自己觉得有病，而医生却说你没病，因为检查报告是正常的，你怎么说？毕竟人家是医生，你也不好反驳。后来不少患者转投中医，中医一把脉就知道你身体哪里失调了，配合中药调理和养生，身体就慢慢恢复正常的。中西医各有所长，不要一味迷信检查报告，检查正常不代表完全健康，很多问题是检查不出来的。
很多新人戒色信心不坚定，和觉得自己恢复无望是很有关系的，因为看不到恢复的希望，所以就会自暴自弃地撸管，他对别人恢复感到怀疑，感到不可思议，其实是他自己孤陋寡闻、阅历尚浅。还有的戒友一出现症状反复期，马上就动摇了，以为自己无法恢复，结果就又破戒了。出现这种情况，一方面是觉悟还不行，另外，就是一开始信根就不坚固。信根不坚固，那就很容易产生退心。信心是成功的源泉，你不相信自己能恢复，怎么有动力坚持下去呢？
很多戒友都在“试”这个问题上栽了大跟头，包括很多资深戒友，当头脑中出现了“试”的念头，比如试定力和试性功能。一旦出现了这类念头，你一定要格外警惕了，因为这是心魔在怂恿你了，怂恿你去试，心魔异常狡猾，特别擅长怂恿。很多戒友因为觉悟不够高或者放松警惕，一旦出现了试的念头，他马上就去试了，一试就会重新掉入撸管陷阱不能自拔，特别容易一发不可收拾。
附早泄恢复案例：
【2012年12.20号左右我开始关注本吧，那时候只能坚持3分钟，本人已婚，最严重的时候秒泄（各位别笑话我）。心灰意冷地过了一段时间，来到本吧后知道了是因为自己撸多了，就开始戒撸，中间破过三次，不过恢复得还算好，现在已经完全恢复正常了。谢谢本吧的各位前辈，谢谢戒色吧，我会坚持戒下去。】
下面步入正题
这季即将分享我压箱底的恢复秘籍，对于伤精患者的身体恢复很有好处，特别是神经症戒友，希望你们不要错过这季的内容。
在很早的文章里，我就建议大家站桩或者打坐，养生要动静结合，方合大道。静功是非常重要的，光动不静，有失偏颇，光静不动，也不符合养生之道。这季就讲讲静功的重要性，主要讲站桩，我推荐的养生桩是高位桩，不是四平马步，也不是蹲墙功。我之前推荐的是武国忠的养生桩。
下面引用武国忠一段文字：
“我从小练习中国传统武术，练的是大成拳。这个拳没有什么招数和套路，就是‘两手往胸前一抱，静静地站着’。这个动作在武术里叫做‘站桩’，我把这个源自武术的方法运用到养生治病上，称之为‘抱住健康’养生法。至今为止，我发现，这个集养生、中医、武术于一体的保健方法，居然是目前所有锻炼身心的方法中最简捷，而且见效最快的一种。大成拳的创始人王芗斋先生，在七八岁的时候，身体极度虚弱，得了顽固性哮喘，这种病在当时是没有什么好办法治的，万般无奈时，著名的形意拳大师，武林中有‘半步崩拳打遍天下’美誉的郭云深先生把形意拳中的不传之秘--站桩养生功传授给了他，王芗斋先生就通过练这种养生功来调养身体，不仅病好了，而且身上不知不觉有了很深的功夫。练‘抱住健康’养生法时无须意守丹田，没必要摈除一切杂念，多想点令人愉悦的事吧，因为，心主喜，微微的喜悦比任何养心的药都好。这时，我们全身放松，无忧无虑，您看吧，没多久，您就会尝到什么是身体的大欢喜。”---武国忠《活到天年》
武国忠这个养生桩效果是很不错的，其实它是武术里的一个桩功，兼具养生和武术的功能，养生界亦有很多人在习练此桩。中国传统武术的精髓就在站桩上了，“要把骨髓洗，先从站桩起”，百练不如一站。站桩在武术界是深受重视的，用极度重视来形容一点不为过。我以前的文章也一直向戒友推荐这个桩功，有不少戒友都收到了良好的效果。但这个桩功有一个累人之处，那就是手要架着，感觉像抱一个气球，要不紧不松，太紧球会炸，太松球会掉，就是要找那种不紧不松的感觉。武国忠的这个桩法当然很好，不过这季我要推荐另外一个养生桩，效果也是非常之好，就是子午养生桩，大家看下面这段文字：
子午门内养功站桩：两小臂抬于腰间，与上臂成90度，两小臂平行，左腿向左横跨一步与肩同宽，沉肩坠肘，含胸拔背，头正身直，百会、会阴成一直线，下颌微收舌顶上腭，嘴唇微闭，全身放松，意守丹田，逆腹式呼吸，逐步达到呼吸细长、均匀，站桩时间，根据年龄与身体状况而定，由短而长，争取每次达到30分钟以上。首先劳宫穴开始发热，发麻跳动至丹田发热，即有气感，只要练功者身体素质很好，练功时间长，就能在短期内打通全身大小经脉。练子午门内养功3日后有气感，10日后感到精力倍增，百日后可内气外放，外气内收。
养生桩属于内养功，属于内壮。而力量训练属于外壮，不少练健美的人其实是外强中干，外面看着肌肉挺吓人，其实里面很虚弱，强壮不代表健康，最近有消息，曾经的全国健美冠军龙云雷得白血病了，原先他是先中风，后来又得白血病，而他只有35岁，命运真的很悲惨。你能想象强壮如牛的人中风吗？你能想象力量是你数倍的人得白血病吗？记得前几年北京有个健美冠军猝死，叫鲍普成，也就36岁。所以强壮并不代表健康，但是强壮的确让人有一种健康感，这是一种表面的感觉，就像有的苹果表面看着好好的，但是打开以后发现里面都烂了。表面现象是具有一定欺骗性的，力量大身体强壮，不一定能长寿，再举个例子，力量界的太阳神保罗安德森，深蹲超过1200磅，只活了62岁，深蹲500公斤的人只活了62岁，有很多老头深蹲不超过50公斤，轻轻松松活过80岁。所以养生真的很关键，运动也要注意适可而止，运动分：养、耗、伤三种。养生功法属于养，出汗的有氧运动乃至力量训练属于耗，耗过头了，就是伤。中医：大汗伤阳！汗出津伤！年纪轻，伤得起，感觉不到。如果身体比较虚，应该选择不出汗或者微汗的散步，还有就是多练习养生功法。等身体恢复得差不多了，可以适当做些力量训练。
说起我与子午养生桩的结缘，那就比较早了，记得我初二时在一本杂志上看到介绍子午养生桩，属于梁山功夫的范畴。当时上面写到得气快，而且精力倍增，那时我就很感兴趣，然后通过邮购得到了“梁山功夫”一书，书里面的内容还是很多的，但我其他都没练，就奔着养生桩练习。这个桩法手不用架着，而是双手手心朝上，握空拳收于腰间，比较简单的一个姿势，而且也是高位桩，微蹲即可，但要注意膝盖不要超过脚尖。那时我练习的确是得气很快，特别是手上感觉很明显，精力的确变得很好，精力倍增绝非虚言。
大家可能会觉得养生桩真的有这么神奇吗？其实人体自有大药，可惜很多人根本不知道。这季我就把这大药和大家仔细讲讲。
曲黎敏：叩齿后，生唾液，唾液为肾津。一口唾，分30次咽下。一口唾，等于一盒六味地黄丸。
人体大药就是嘴里的唾液，但不是一般的唾液，是叩齿后分泌的唾液，叩齿后的唾液对人体很有益处，曲黎敏说相当于一盒六味地黄丸。而我说的大药不是叩齿后分泌的唾液，是叩齿唾液的升级版，就是舌抵上腭分泌的唾液，舌抵上腭即舌头抵住上腭部位。气功学中认为这是沟通任督二脉的桥梁，俗称“搭鹊桥”。中医学认为，督脉循背，总督周身阳脉，为阳脉之海；任脉沿腹，总任一身阴脉，为阴脉之海，两脉各断于上腭和舌根。舌抵上腭即可沟通任督二脉，使全身经络接通，上下之气通畅。常练此功，可疏通气血，条达经络，清爽头脑，强健体质。
金津、玉液二穴，藏津多液，为医家所共知。二穴所藏，俗称“华池之水”，系于肺而根于肾。其穴位在舌下之左右，舌为心之苗，足少阴肾经挟舌本，足太阴脾经散舌下，故二穴所藏，非独与肺肾有关，且能与脾阴互滋，与肾水互济，引肾水上抑心火，合脾土同养肺金。
程国彭谓此“华池之水”引而咽之，能治真阴亏损、阴虚火旺诸证，并赞其是“治阴虚无上妙方”。方载《医学心悟》，方法是：常以舌抵上腭，令华池之水充满口中，乃正体舒气，以意目力送至丹田，口复一口，数十乃止，每日二至三次，称此为“吞津液”法。此是引华池之水以缓火刑，取其坎离交媾、水火既济之意也。《素问》云：“所有自来肾有久病者，可以寅时面向南，净神不乱，思闭气不息七遍，以引颈咽气顺之，如咽甚硬物，如此七遍后，饵舌下津气无数”。此是引华池之水以滋肾阴，循金水相生之法也。上述舌抵上腭，引舌下津而咽之者，即金津、玉液二穴所藏。而此种引咽津液之法，其源于丹家，原意本在养生，后引其治病，既合乎医理，又顺应自然，法简而效彰。余留意观察，凡健康婴幼儿，舌常抵上腭、阴囊常紧缩，此乃阴阳互生，水火既济之外征也。舌为心之苗而藏金津、玉液；前阴为肾之窍而寓真气元阳，心火肾水，阴升阳降，源源不竭而生化无穷，故婴幼儿生机较成人旺盛。
这口“华池水”的威力真的非同小可，它就是人体大药，对于身体的恢复，对于神经症的恢复极有好处，见效很快，精力提升显著。
道教常称津液为玉液、玉浆、醴泉、灵液等，认为此液由炼气而产生，是五脏之精华，甜美清香。若人们勤加修炼，漱津咽液，那么就可以去病防病，强健身体。《黄庭经》云：玉池清水灌灵根，灵根坚固老不衰。《外景经》也很重视津液的作用，如“玉池清水灌灵根，审能修之可长存”，“玉池清水上生肥，灵根坚固老不衰”，“津液醴泉通六腑，随鼻上下开两耳，窥视天地存童子，调和精华治发齿，颜色光泽不复白”。
关于戒色养生，《太平经》主张“人欲寿，当爱气尊神重精”，《内景经》也强调说：“急守精室勿妄泄，闭而宝之可长活。”《外景经》也强调固精、宝精的意义，如“长生要慎房中急，弃捐婬俗专子精，闭子精门可长活”，“急固子精以自持，精神还归老复壮”。
我一般在打坐或者站桩时，舌抵上腭，不出5分钟，华池水就下来了，和一般唾液的味道不同，有甜美清香之感，然后咽下，相当于“吃仙丹”了，这真是人体自产的免费仙丹，可惜很多人根本不知道，还在向外求药，其实自己有个大宝贝，却不知道。站桩或者打坐时，刚开始练习会妄念纷飞，可以采用数息法摄念，关于守窍问题，子午养生桩是说守下丹田，而我自己则是守上丹田，也就是眉心位置，守下丹田是容易遗精的，睡前打坐也容易遗精，而且守法也有讲究，不能强守，而是“知而不守，先存后忘。”千万不要强守，强守是容易出偏的。或者你什么也不要守也可以，就专注于数息即可。一口华池水可以分几口咽下，但咽下也有诀窍，配合十六字锭金，就完美了。
何谓十六字锭金？
道家气功养生十六字锭金：
一吸便提，气气归脐，一提便咽，水火相见。
这是道家十六字锭金产生于宋元期间，最早见于明朝初期冷谦《修龄要指长生一十六字诀》。从东汉末道家的产生到这十六字锭金的出现，其间一千余年。
十六锭金又称李真人长生一十六字诀，是道家养生的代表性功法。此十六字为“一吸便提，气气归脐，一提便咽，水火相见”。明代冷谦的《修龄要旨》初录此法，并誉它为至简至易之妙诀。其后《赤凤髓》、《遵生八笺》、《脉望》、《养生秘录》、《医方集解》等均介绍了此法。
明朝养生家冷谦在《修龄要指》中对此的解说有不同，很实在，称此十六字锭金为“长生一十六字妙诀”，“乃至简至易之妙诀也”。他指出这个妙诀比较实用，随处可行，人人可练，“久久行之，却病延年”。并通俗地介绍了修炼方法。今录于下：“口中先须漱津三五次，舌搅上下腭，仍以舌抵上腭，满口津生，连连咽下，汩然有声。随于鼻中吸清气一口，以意会及心目，寂地直送至腹脐下一寸三分丹田元海之中，略存一存，谓之一吸。随用下部轻轻如忍便状，以意力提起，使归脐，连及夹脊双关肾门一路提上，直至后顶玉枕关，透入泥丸顶内，其升而上之，亦不觉气之上出，谓之一呼。一呼一吸，谓之一息。气既上升，随又似前汩然有声咽下，鼻吸清气，送至丹田，稍存一存，又自下部如前轻轻提上，与脐相接而上，所谓气气归脐，寿与天齐矣”。
另外站桩是可以治疗频遗的，有频遗困扰的戒友也可以多尝试站桩，多吃“仙丹”，人体自有大药，不要错过了。田诚阳道长说过，站桩可以强身补气，气足自可摄精不遗。
关于华池水的作用，下面摘录了一些文字供大家学习参考：
1.咽津功用。咽津养生在我国历史较悠久。古人称之为“胎食”的，指的就是咽津。《汉武内传》说：“习漱舌下泉而咽之，名曰胎食。”历代医家认识到口中津液是大有益于人体健康和长寿的宝贵物质，应该咽下。
2.唐代医学大家孙思邈《千金要方卷二十七》中说：“玉泉者，口中唾也。朝旦未起，早漱津，令满口乃吞之。”传统医学有关咽津养生的论述不少。《灵枢天年》、《素问刺法论》等都讲到“津液布扬”、“饵吞下津”对人体健康的重要作用和咽津的方法。先秦《子华子》讲到：“荣卫之行，无失厥常，六腑化谷，津液布扬，故能久长而不弊。”1973年底马王堆三号汉墓出土的《天下至道谈》，其中阐述房中养生的“八益”，就谈及“吞服津液”的养生功能。这些都说明我国古人很早就发现了人体内唾液的功用，这与现代科学的研究论述是一致的。
3.道家养生家对练功过程中产生的唾液，称之为“金液还丹”，要“淙淙咽归丹田”(见《金丹大要》)。这种唾液有许多好听的名称：金浆玉醴、灵液、神水、醴泉、金津、玉液、金醴、玉津、玉池清水、玉浆、舌下泉等等。古人认为吞服这种津液有益于养生保健。明朝医药学家李时珍，在其所著《本草纲目卷五十二》中，对“口津唾”作了如下的说明：“人舌下有四窍，两窍通心气，两窍通肾液。心气流入舌下为神水，肾液流入舌下为灵液。道家谓之金浆玉醴，溢为醴泉，聚为华池，散为津液，降为甘露，所以灌溉脏腑，润泽肢体。故修养家咽津纳气，谓之清水灌灵根。人能终日不唾，则精气常留，颜色不槁；若久唾，则损精气，成肺病，皮肤枯涸。故曰远唾不如近唾，近唾不如不唾”。
4.咽津养生既有悠久历史，同时也符合现代科学。现代医学认为，人的唾液其成分除了水分之外，还含有淀粉酶、溶菌酶、粘液蛋白、氨基酸以及少量钠、钙等多种物质，具有多方面的生理功能，有利于消化、养生、强身。近年来科学家还发现唾液有消毒、解毒、抗癌和杀灭艾滋病毒的作用。
5.我国古代养生家非常重视咽津养生。道教徒较早地注意到咽津的养生功能。晋朝《黄庭内景经》多处讲到唾液的功能，《黄庭内景经》讲到“口为玉池太和宫，漱咽灵液灾不干，体生光华气香兰，却灭百邪玉炼颜，审能修之登广寒”。此五句意思是说，口是产生唾液的地方，漱咽唾液，能使病害不染身，预防疾病，达到延年益寿的目的。
6.关于咽津养生具体方法，在历代一些养生导引著作中都有叙述。《遵生八笺延年却病笺》中记载《八段锦导引法》就记有咽津方法：“赤龙搅水津，漱津三十八，神水满口匀，一口分三咽，以候逆水上，再漱再吞津，如此三度毕，神水九次吞。咽下汩汩响，百脉自调匀。”清代尤乘《寿世青编》说，咽津“将舌舐上腭，久则津生满口，便当咽之，咽下然有声，使灌溉五脏，降火甚捷，咽数以多为妙”。
最后总结：
希望大家都能吃上“仙丹”，人体自有大药，不要抱了个大宝贝却毫不知情，我现在每天都吃“仙丹”，我极其重视嘴里这口“华池水”，这口仙丹对于伤精的各类症状都有良好的恢复效果，对于神经症和脑力的改善，效果也非常显著，精力倍增，但贵在坚持，从开始的每次15分钟，慢慢延长至每次半小时以上，最后能达到每次坚持45分钟就可以了。我那时神经症能恢复，和吃仙丹密不可分，我那时对药物彻底绝望了，而且很花钱，最后我就靠“吃仙丹”以及其他养生之道，坚持了半年多就感觉恢复了很多，坚持一年多，神经症就消失了。
				
第45季：关于戒色新人、情绪管理深谈

前言：
这季前言继续分享几个戒友的树疗反馈：戒色网 - 戒淫网-https://www.jiexy.com/40004.html
1.呵呵，飞翔哥，树疗真的实在是太神奇了！我大概直坚持一个星期，感觉我的脸明显的亮了很多，我朋友都说我现在看起来像孩子，呵呵，谢谢你啊！太开心了！要是我早几年接触到戒色吧就好了。哎！遗憾。
附评：这个戒友已经体会到了树疗的神奇效果了，明亮的改变是显而易见的，提亮效果明显，一亮，整个人的精神面貌就会为之一振。其实还有其他的感觉，比如变干净了，变细腻了，脸庞变饱满了，是一系列的微妙好变化。
2.飞翔大哥，今天我又在学校的校园里抱了一会柳树，这次的感觉也挺明显的，我不断换着脸颊贴在上面，因为人来人往太多，每次坚持的时间也就是十几秒钟，一共做了半个多小时。这次的做完后，双手手掌确实感觉明显加厚了很多，双手握拳的时候手心会有一种肉乎乎的感觉，脸上也会有些感觉，就是觉得脸部肌肉轻松了不少。每当有人过来的时候，我就背靠着树木玩手机，别人走了我再继续练习，我觉得还是可以坚持去做的。飞翔哥给我力量，我会坚持的，呵呵。
附评：这个反馈案例是戒友元真的。他感觉到手掌变厚了，就是树疗后的一个感觉，这种变厚的感觉在树疗时就会感觉到，但最明显的感觉还是在树疗后的几个小时，特别是在晚上还有洗手之后，能感觉到手掌变厚很多，比刚做完树疗还要厚一些，大家细心体会就能感觉到的。
3.你说的那个树疗方法，我去试了，我学校有很多树，我选择了一棵大叶榕，我用手放在树干上，过了几分钟，我一握拳头，力量居然大了很多，然后握了左手的拳头，左手没摸，力量明显不如右手，换左手去摸，过了几分钟，左手居然也变得很大力，我想说，大自然的力量真是无穷的。
附评：这个戒友很有意思，他这个感觉很细腻。其实就是补到了木气，中医：肝在力为握。而肝恰恰就是对应木，为肝木。所以手掌摸树一段时间，是可以增加握力的，这是很微妙的感受。
总结：做树疗对改善容貌气色是很有效果的，不少戒友都有反馈了，希望更多的人能去尝试体验。找干净的树，选择人少安静处，这样有利于练习。平时也要注意养生之道，遗精后、熬夜久坐后、劳累后、久视电脑后，皮肤气色都可能会出现下滑的，所以树疗应该经常去做做，就像去充电一样。树疗对容貌气色的恢复是具有神奇效果的，这种改变微妙且显而易见。当你真正用脸去亲近树木了，坚持一段时间，恢复的奇迹就会出现。另外，尽量不要太早或者晚上去做树疗，因为阴气很重，最好是等太阳出来，在树的阳面做树疗，也就是树干被太阳光直射的那一面。
下面分享2个答疑案例
1.【飞翔哥，求救！我手婬史有六七年了，去年参加工作前感觉还能勃起，参加工作后突然不能正常做爱了，是不是我真的有病啊？我担心是阳痿！】
答：透支到一定程度，恶果就会显现出来，有一个量变到质变的过程。工作后，可能你锻炼也少了，或者总是久坐，久坐伤肾，容易伤性功能。我建议你坚持戒色养生，积极锻炼，这样性功能是会慢慢改善的。另外建议避免婚前性，婚前属于邪婬，加油！
分析：撸管的恶果有积累和滞后性，就像水要煮到100°才会沸腾，当恶果积累到一定程度就会显现出来，过了临界点，你就要受苦了，症状一出来各种烦恼就来了。有的戒友去年还好好的，今年身体一下垮掉了，他这样垮掉不是一年导致的，是透支了几年乃至十年以上的恶果显现，量变产生质变。撸管的恶果显现得还是很快的，即使有的人体质好，热爱运动，在年轻时症状表现不明显，但是过了40岁，各种症状就会变得很显现，所谓年轻时放纵，中年后就开始买单了。到了40岁以后，恢复速度也会减慢很多，恢复难度更大。所以，戒色要趁早，早觉悟早戒掉，不要和心魔妥协，一定要清除大脑里的各种思想误区，建立戒色的正知正见。
2.【飞翔老师，我这几次破戒都是不到一分钟就射了，有时甚至十几秒就射了，我想问一下您我算不算早泄，另外，我看见贴吧一个帖子，里面说SY和ML不同，他以亲身经历，说他SY也就十几秒就射，但是ML时间完全正常，说那些ML秒射的都是心理问题，我真的很困惑，难道SY秒射不等于ML秒射？】
答：这个问题在我以前文章讲到过的，SY早泄和ML早泄是有一定区别，比如有人SY时追求强刺激，追求快射，那么他就可能只是SY早泄，而ML正常。但有的人SY早泄，ML早泄则更严重，如果你SY时并未追求快射，只是稍微一刺激就射，那么ML也很可能会早泄的，而且ML时会容易紧张。ML早泄不都是心理问题，中医有讲到肾亏会出现早泄和阳痿的，比如有的人刚开始不早泄，但是放纵到一定程度，他就出现早泄了。这种情况在已婚戒友中很常见，比如刚结婚几年还行，放纵几年后就出现早泄了，并不是心理问题。当然心理问题是可以导致早泄的，比如有的人很紧张，心理压力很大，这样也是会出现早泄的。你原来身体好时可以撸管多久？有人10分钟，有人半小时都可以。但放纵到一定时候，撸管时间就变短了，JJ也变得很敏感，十几秒甚至一碰就会射，就是肾气不足了。关于ML早泄和SY早泄是否等同，那要看具体情况，有人是SY早泄，ML早泄更严重，有人其实体质还行，只是撸管时追求强刺激和快射。加油！
分析：当伤精到一定程度，勃起不坚、早泄和阳痿肯定会出现的，撸管伤性功能，这一点毫无疑问，无数的案例已经充分证实了这一点。你现在撸得起劲，其实是在透支以后的性功能，如果靠吃药勃起，那是在调用你最后一点肾气，将来身体垮掉得更快。担心性功能不行是戒友普遍的心理，所以我们应该好好坚持戒色养生，避免未婚先废，这一点很重要，婚前放纵太过，婚后就很尴尬了，因此离婚的人也有很多。
下面步入正题，这季讲讲关于戒色新人、情绪管理深谈。详细论述如下：
新人来到戒色吧，来100个新人，基本是100个都被适度无害论洗过脑。而且从小就生活在适度无害论的“熏陶”中，适度无害论已经在它脑子里根深蒂固了，所以很多新人来到戒色吧，他们的发帖还带着很多适度无害论的影子。要让新人一下转变思想，有难度，只能建议他们多学习戒色文章，不断纠正自己的认识和理解。否则思想转变不过来，那就无法彻底戒掉了。甚至有的老戒友还在想着适度无害，还没爬出那个适度无害的思想陷阱，直到现在还没戒掉手婬。
戒色第一步，就是改造思想意识，就像你去坐牢给你改造思想一样，有的人改造过后就变好了，有的人改造过后还是死性不改，出来继续犯罪。新人来到戒色吧，面对的就是这样一个问题，因为新人有一个特点，那就是满脑子的思想误区，看提问的问题就知道是不是新人，我看戒友发言的内容就知道他是否能戒掉，就知道他处在哪个戒色层次。
很多戒友连意婬是暗漏这一基本常识都不知道，还在想着意婬很美好，这让资深戒友看到，可能会直摇头。戒不掉，其实就是思想上存在误区，认识上存在不足。新人来到戒色吧，如果你真想彻底戒掉，那就应该好好静下心来学习戒色文章，一点点完善自己的戒色知识，一点点提升自己的戒色觉悟。否则还在想着适度无害，那就是戒一万年也戒不掉的，所谓适度根本就是自欺欺人，适度无害不知害惨了多少人，都以为自己能适度，但手婬的高度成瘾性你考虑过吗？意婬是暗漏你是否知道呢？意婬后容易出症状，这一常识你是否真的了解？
思想有误区的新人，只要他肯坚持学习戒色文章，思想就容易改造过来。学习戒色文章就是一个洗脑的过程，说得准确些就是净化自己的思想意识。如果你不好好改造自己的思想，还是过去那套适度无害论，那就别想戒掉了。新人最缺的就是学习！新人最需要的也是学习！否则你一脑子的思想误区，甚至还不听劝、不肯学，那任何前辈都是没办法的，只能让症状告诉你事实真相了。我想肯定有人一辈子都爬不出适度无害的思想陷阱了，一掉进去，就一辈子在里面了，这样的人实属可悲！他被一种错误的思想俘获了，成了这种思想的傀儡，但他并未觉得自己的想法有任何不对的地方，还很自以为是，这才是他最可悲之处。
戒色吧很多新人一开始发心就不对，根本不想彻底戒掉，还在和心魔妥协，还在想着搞适度，动机不对，注定只有失败。适度无害论不从大脑里清除掉，等待你的只有戒色失败。不认清适度无害论的真面目，那根本无法戒色成功。我们戒色一定要彻底，包括意婬也一样要戒掉，彻底戒色就是我飞翔选择的道路，我是一个彻底者，绝不是一个妥协者。希望新人们能早日认清适度无害论，不要将来身体垮掉了，再来埋怨适度无害论，到时埋怨也无任何意义了。多看看吧里前辈的真实案例吧，被适度无害论毁掉的人有多少？无法计算。
知道戒色论坛为什么不允许新人发帖吗？因为新人满脑子思想误区，一上来不学习，马上就强戒，戒色思路完全错误，还在想着靠毅力戒掉，结果就是不断失败。新人的思想误区五花八门，被无害论洗脑严重，一时难以纠正过来，必须通过大量学习戒色文章来纠正。对戒色没有正确的理解和认识，那是无法戒除成功的。比如有的戒友喜欢说“食色性也”，抓住这句话不放，还以为自己很对，你知道一个“食色性也”，那我问你，你是否知道“吃完了要付账”，天下没有免费的午餐，别以为手婬像吃饭，然后就放纵自己，为放纵找到了借口，其实是大错特错，这样理解“食色性也”就会步入歧途，古人说食色性也，更多的是传宗接代的需求，是婚后的正婬，而不是叫你肆无忌惮地放纵，古人是坚决反对婚前性行为的！
另外，请新人不要把戒色想得太简单，我指的是彻底戒色，包括戒掉意婬，不是戒戒破破。想得过于简单，只会产生轻敌的思想，其实出现轻敌思想的戒友相当多，戒到后来甚至骄傲起来，所谓骄兵必败。当然，我们也不应该把戒色想得太难，只要我们肯脚踏实地通过不断学习提高觉悟，觉悟提升到一定高度，即可降伏心魔。有一些戒友可能通过学习获得了一定的觉悟，比之新人是高出许多，但是他的觉悟还没达到完美降伏，认识上还有缺陷，这类戒友还是会破戒的。大家戒色应该保持谦虚谨慎，避免骄傲自满，觉悟越高就要越警惕，而不是觉悟高了就开始骄傲自满，那样心魔就会钻你的空子，太过自信就会变成盲目自负，最终只会导致悲剧的结果。
前车之鉴后事之师，希望新人多吸取前辈的错误教训，不要重蹈前辈的人生悲剧了。这样和你说吧，几乎所有前辈当初都和你一个想法，就是想着适度无害而最终撸废掉的，现在的你，就是过去盲目无知的我，当你开始学习戒色文章，不断提高觉悟，你就会转变思想意识，从而变成现在的我。前辈苦口婆心的劝导，就是希望新人能早日觉醒，步入戒色正道，戒色吧是一方净土，希望大家好好珍惜自己的福报，请自觉远离适度无害论，切记！
下面谈下情绪管理
先上一个答疑案例
【飞翔老师，你说的戒色知识我每天都在学，可是破戒照旧，我都觉得不好意思了，我那天破戒前总觉得很压抑。破戒没有白破，我把自己房间整理了一遍又一遍，以前房间太乱了像个狗窝，现在有空就帮妈妈做家务，以前总在学戒色知识，懒懒地不愿做家务，现在房间干干净净的，有空就听听轻音乐，时时微笑。我想戒色知识只是治标不治本，本还是心态，心静才是戒色王道。】
分析：这是戒友lefty的留言，lefty是资深戒友，已经具备了很高的觉悟，但请记住一句话：如果一个人还会破戒，那么他认识上肯定还存在不足，好比百密一疏。我们要做的就是通过破戒看到这个“不足之处”，然后补强自己的觉悟。戒色要成功，必须不断提高自己的觉悟，让觉悟接近完美的状态。什么是觉悟？所谓觉悟，就是对戒色有正确的理解和认识。认识越深刻越到位，戒掉的可能性就越大，否则满脑子的思想误区或者认识盲区，那肯定还会破戒的。
lefty的不足之处，就在于情绪管理的失败，我看过无数的戒友案例，败在情绪管理上的人极多，生活中总有矛盾和不顺，比如和父母吵架，比如和同事朋友关系紧张，比如做事不顺利，遇见很大的困扰，诸如此类都会影响到一个人的情绪，当负面情绪产生时，一定要学会管理情绪。就像钟表走快或者走慢了，一定要把它调整到正确时间，这个情绪调整的能力对于戒色是异常关键的，情绪是可以导致破戒的，特别是不良情绪，当然狂欢情绪也可导致破戒，所以最好能保持稳定的情绪状态。
lefty把戒色知识和心态调整分开，其实也是认识上存在误区，因为戒色知识就包括对心态的调整，我在以前文章也多次强调情绪管理的重要性，对于不良念头要马上干预，否则这些负面念头会喧宾夺主，进而控制你的行为而导致破戒的发生。不过lefty通过破戒，已经认识到了情绪管理的重要性，也就是心态调整的重要性，希望他能越戒越好。过了情绪关，戒色就会变得很稳定。
大家无须把觉悟和心态或者习惯等分开，因为戒色觉悟就包括养成良好的习惯，比如不熬夜不赖床等，觉悟也包括调整自己的心态。觉悟是一个总词，戒色成功的理论都可以涵盖在这个词里面，包括警惕意识也可以包含在内，戒色成功=觉悟高+警惕强。我之所以把警惕分开来，其实就是为了强调警惕意识的重要性，其实警惕意识也属于觉悟范畴。
意婬关，是戒友间的一道分水岭，其实情绪关也是一道分水岭，死在情绪关的戒友太多太多，过了情绪关，就会进入新的戒色层次，否则过不了情绪关，破戒的可能性还是很大的。有些戒友可能要破戒很多次才能意识到情绪管理的重要性，心态调整和情绪管理其实是一个意思，我写的经验帖都是我深刻体会思考的领悟，很多戒友因为体验不深刻，所以看我文章可能懵懵懂懂，当看到“情绪管理”这个四个字时，他的印象并不深刻，当被心魔虐过无数次后，他可能才突然意识到原来情绪管理这么重要，原来情绪真的可以导致破戒，这时候他才知道我写情绪管理的分量。
我们戒色一定要学会情绪管理，有的戒友可能会问，怎么管理情绪呢？如果详细说情绪管理，可以写一本书，但一本书的内容可以概括为四个字，那就是：心理暗示。比如你心里很烦躁，这时候你可以暗示自己保持心平气和，不要多想，也可以想一些让自己开心愉快的事情。我那时得神经症，每天活在压抑绝望的情绪中，甚至曾经出现过自杀的想法，后来我学会了情绪管理，特别是一有压抑的感觉，马上就想些让人轻松愉快的喜剧片段，然后心情就调整过来了，现在我也是这样调整自己情绪的。心理暗示有多种方式和技巧，你也可以观想无我，无我何来情绪何来烦恼，把自己化空，自然就可以平息不良情绪的烦恼，也可以这样想，用中医养生的理论来开导自己，因为怒伤肝，烦劳则阳气张，七情致病，不良情绪是可以导致疾病的，所以我们要学会保持心平气和，尽量符合养生之道。我们不应该压抑不良情绪，强压是会损害身体健康的，我们可以转化情绪或者把情绪化空，这样就可以平安度过情绪关。情绪管理还包括激励自己，让自己产生向上奋进的情绪，激励自己可以有效克服戒色懈怠情绪，让自己保持在勇猛精进的状态。
另外，我要强调一点的是，尽量不要大笑，因为大喜伤心。我看过有的戒友说要每天大笑，那样也是不符合养生之道的，你可以会心一笑，有节制地笑，不需要大笑。大笑会乐极生悲，是容易导致猝死的，我身边就有两个真实的案例，一个是小区棋牌室，一个老头打麻将，抓到一张牌，构成了一手绝世好牌，然后他哈哈大笑，突然就猝死当场。还有一个案例更惨，一个25岁刚结婚的年轻人，吃完饭后和老婆打闹嬉戏，处在大笑的状态，也是突然猝死，救护车来了也回天无力了。这2个真实案例就是在提醒我们，尽量不要大笑，要有节制地笑，以免乐极生悲。
有中医常识的戒友应该知道，纵欲的人是很可能出现心脏问题的，因为肾是五脏之根，肾虚到一定程度，就可能出现早搏心悸乃至心脏神经官能症等表现。有一些戒友来到戒色吧，很可能会有这样一种想法：怎么什么症状都往手婬上套啊！其实如果他深入了解或者他深有体会，那就不会这样认为了，中医：精者，身体之本也。肾乃五脏之根，精少则病，肾虚百病丛生，这些都是中医的真理，经过几千年的验证，所以大家把症状归咎于手婬，并没有错。如果你认识有局限，或者体验不深刻，那就很可能会产生误解。当然致病因素有很多，外感因素、饮食因素、情绪因素，不良的生活习惯，比如熬夜久坐久视，劳累过度等，都可造成症状的出现，还有先天体质不佳也是一个因素，症状的出现和手婬是密不可分的，不过也和其他各类致病因素有一定关系，如果是多种致病因素共同作用，那么伤精就比较严重了。伤精的方式不只是手婬一种，熬夜、暴怒、久坐久视等都会耗损肾精，所以我们一定要注重养生之道才是。
下面根据我的学习和认识，把情绪管理的具体做法和大家做个分享，我们要做好情绪管理，做情绪的主人。
1.确认当下的情绪：当你出现负面情绪了，比如愤怒、压抑、颓废、绝望等，你要认识到负面情绪出现了，第一步就是发现并且确认负面情绪，就像发现敌人一样。
2.转移不良情绪：当你意识到你处在不良情绪中，就像被乌云笼罩时，你要学会转移不良情绪，你可以折一个纸团，想象不良情绪被包裹其中，然后扔进垃圾桶。
3.用好的情绪替代：当意识到不良情绪出现时，马上想好的开心的事情，比如一次开心的体验，一次美好的回忆，或者一个笑话，让自己马上摆脱出负面情绪。
4.化空自己：你可以观想无我，无我何来情绪何来烦恼，一切都是庸人自扰，化空自己，让负面情绪找不到靶子。
5.发泄负面情绪：可以通过适量的锻炼来消除不良情绪，比如打会篮球，或者出去走走，或者看看电影，听听歌。
6.激励自己：要肯定自己的进步，说激励自己的话，想激励自己的人物和事情，听激励的歌曲，看激励的电影，让自己斗志重新燃烧。
7.多做善事：助人为乐乃快乐之本，心情不好时，你可以试着做些小善举，比如上网为戒友加油，布施一下正能量，这样也可以调整情绪。
8.养生意识：意识到负面情绪可以致病，我们何必沉溺其中呢？就像停止用刀砍自己，马上停止负面情绪对自己的伤害。
9.保持微笑：微笑是最美的表情之一，多暗示自己保持乐观，保持微笑，积极乐观过好每一天，没有过不去的坎，关键在于态度。
10.放松自己：不要把自己绷得太紧，绷太紧会崩溃的，要学会放松自己，洗个热水澡，做做养生功法，什么也不要多想，从烦恼中抽离。
总结：情绪管理，意味着我们可以选择情绪，情绪就像超市的货品，我们是可以选择的，当负面情绪出现时，我们应该马上意识到，然后我们可以选择好的情绪，不要让负面的情绪控制自己。负面的情绪其实就是负面的念头和想法，对于那种念头和想法，我们也要做到念起即觉，不要被负面情绪所控制，一旦被负面情绪所控制，那就很容易破戒了。戒色说到底，就是要学会观察念头，识别念头，管理念头。我们学习戒色文章提高觉悟，最终的目的就是提高对念头的掌控能力。比如一个人一天有300个念头，哪些念头容易导致破戒，你应该要知道，比如负面情绪的念头、意婬的念头、怂恿的念头、狂欢的念头、对戒色疑惑的念头等，总之，能导致破戒的念头还是很多的，有些念头伪装得很好，比如怂恿的念头。对于念头，我们要做一个观察者，并且识别哪些念头有问题，哪些念头容易导致破戒，一旦出现那种念头，马上要进行干预对治。打个比方，就像在路上设一道关卡，让念头一个个通过，有问题的念头则不能通过，一旦让有问题的念头通过关卡，那么它就会主导你的行为，因为念头导致行为，念头→行为！有问题的念头一旦通过，就会导致破戒的发生。让我们做一个念头观察者，让我们做一个念头掌控者！
这季推荐一本书：
《中阴闻教得度》，莲花生大士著。这本书我极力推荐，有缘之人得到这本书一定会有如获至宝的感觉。当然也有很多无缘之人即使遇到，也会当面错过。这本书有图文版，图文版比较直观些，我推荐的是元音老人的讲解版本，用的是孙景风的翻译。关于这本书有好几个版本，我比较推崇孙景风的这个版本，配上元音老人的讲解就很完美了。元音老人关于中阴教法的文档，百度可以搜到的，大家下载后可以打印出来详看，网上也有书买的，希望有缘之人不要错过这本珍贵的法本。
				
第44季：关于魔考、憋与射之间（附戒色考卷）

前言：
上季向大家推荐了树疗，不少戒友都跃跃欲试，有的戒友已经收到了良好的效果，这季关于树疗再补充一些内容，先分享2个反馈案例：戒色网 - 戒淫网-https://www.jiexy.com/40005.html
1.老师，来晚了。心魔攻击的次数越来越多，一直不断地怂恿我，都怪我，我开始戒色时没做好拼死的决心，现在心魔越来越强大，感觉快支持不住了。还有老师，您的那个树疗法效果很好，我就抱了6天左右，而且每天只抱了10分钟，感觉脸上越来越光滑，越来越细腻，开始恢复弹性了，我很高兴，再次感谢您，飞翔老师！
2.我最近四天抱了三天，每次都是一个多小时，最明显的变化就是贴过树的地方脸色明显的亮了起来，出现脏东西排出后的小坑，这部分的皮肤也没有这么油了，细腻的变化是显而易见的，树疗真的很神奇！不枉我三天来的努力。
第一个是戒友刘昂的反馈，第二个是戒友Fizra的反馈，所有反馈案例中，Fizra是最有树缘的一位，他已经真正体验到了树疗的神奇效果，并且已经开始享受树疗的感觉，他的确很有悟性。当你开始享受树疗了，真正开始用脸亲近树木了，奇迹就会发生。上季我和大家分享了树疗的恢复方法，有的戒友处在观望状态，半信半疑，还有的戒友则是苦于没地方做树疗，很多学生党在学校是不大方便，如果同学看到了，可能会觉得你是怪人，然后你就成了学校的“风云人物”。所以，我一般推荐大家去公园，去人少安静处，尽量不要被熟人看见，这样心理压力就会少很多，其实当你习惯树疗了，也没有什么可难为情的。比如有人刚开始剃个光头，走在马路上，人家可能会指指点点，时间长了也就完全适应了，自己有自信了就不会在乎了，习惯成自然了。有的戒友怕白天被别人看见，说晚上行不行，我一般不推荐晚上做树疗，晚上阳气内收，植物也是如此，晚上做的效果肯定没白天好，另外，我们白天做树疗时，应该选择树的阳面，什么意思呢，就是树干被太阳晒的那一面，树和房子一样，有阳面和阴面，我的经验就是在阳面做树疗，效果会更好。
关于树的干净问题，有的戒友说马路边的树很脏，我一般不推荐在马路边上做树疗，因为马路边的树是比较脏，而且人太多，我们应该选择人少安静处做树疗。然后要注意选择树木，如果你仔细观察，就会发现每棵树的干净程度都是不一样的，同样是香樟，有的树干就很干净，有的则比较脏，我之所以推荐公园，就是公园污染少，干净的树相对多些。干净的树是要自己找的，当你找到属于自己的树后，就会慢慢和这棵树建立感情，当你和树拥抱时，树也可以给你一种心灵的慰藉，慢慢地，你就会真正喜欢上树疗，真正开始享受树疗的感觉了。
要改善容貌气色，必须用脸去亲近树干，分别是印堂、双侧正脸颊，以及脸颊的侧面，这几个部位轮流做。有的戒友说，不观想行不行，不观想其实也可以，不过我认为观想的效果会更好一些。有的戒友感觉无聊，也可以一边听MP3，一边做树疗，这都是可以的，还有的戒友抱这棵树半小时，然后再抱另外一棵树半小时，这都是可以的，反正公园里的树很多。有戒友说我推荐的树疗和气功采气类似，气功采气我初中时就有了解过，一般采气要和树木保持一定距离，而我推荐的树疗则是主张和树直接亲密接触，其他的要求次之，灵活度比较大。
如何看树疗效果，相信实践过的戒友，都能感觉到这四个字：轻松愉快。和树亲密接触是可以调整你的心理状态的，是潜移默化的影响。心理压力大时，建议多亲近大自然，这样可以让你放松下来，是可以帮助你调整心态的，做树疗可以让你获得一种宁静祥和的气场，让你感觉轻松愉快，有一种愉悦的感觉，这是心理方面的效果。很多戒友因为撸管容貌被毁，很想恢复容貌，而恢复容貌的办法，我首推树疗，其次是有氧运动，最后才是护肤品或者物理治疗。关于树疗对容貌恢复的效果，我这季再详细讲讲，树疗是非常神奇的，它可以让你的皮肤气色恢复到发育前，很微妙很不可思议，有一种时光倒流的感觉。
具体变化如下：
1.皮肤会变光滑细腻，刘昂提到了光滑细腻，Fizra也提到了细腻。皮肤细腻，一，是视觉的感觉。二，就是触觉，摸上去很滑很细腻，不粗糙，触感极好。这就是做树疗后的感觉，不需多久，每天一小时，坚持三天，不熬夜，马上就能感觉到这种微妙的好变化。我自己的感受也是如此，的确变得很光滑细腻，很神奇的感受。
2.清洁作用。这一点说出来有点匪夷所思，要说最好的清洁办法，大家可能会首选洗面奶或者清洁面膜，但我可以告诉你，肌肤最好的清洁方法就是树疗。Fizra就提到了树疗的清洁效果，脏东西会排出来，毛孔会变得很干净。这种干净不是表面的清洁，而是由内而外的清洁，树疗可以净化你的气场，调整你的内分泌，皮肤自然就会变干净。
3.皮肤气色会变明亮。树疗会提亮你的皮肤气色，看上去会很阳光很有精神，这点Fizra也体验到了，这种明亮的感觉是非常明显的，一照镜子就能看出来。
4.控油。树疗调整内分泌后，皮肤的出油问题会得到很大的改善，会慢慢恢复正常。
5.皮肤恢复弹性。这点刘昂的体会里面有，皮肤会重新变得饱满富有弹性，那是小孩子才有的弹性，非常健康的感觉。
6.脸部去肿塑形。撸管导致身体失调后，反映到脸部就很可能会出现微肿现象，五官形态会发生微妙的坏变化，而树疗可以大大改善这类问题，可以消肿并且紧致皮肤，甚至可以大大改善眼袋问题。
7.口有余香。Fizra在我文章的回复里提到了树的香气，这一点我也有很明显的感受。记得有一次树疗，我在公园做了3个多小时，然后回家路上，感觉嘴里和鼻子里非常非常香，那种香气非常美妙，既是味觉的美妙体验又是嗅觉的美妙体验，这种香味可以在嘴里保持一天甚至几天，非常奇妙，也非常美妙。
树疗的好处多多，暂列这7点，当然上季我也罗列了一些好处。希望有更多的戒友去认真体验树疗，找到属于你自己的那棵树。真正用脸去亲近树木，当你把树疗当作一种莫大的享受时，就不会再感到无聊了，因为你很享受那种感觉，就像抱着树睡觉，同时也是一种莫大的心灵慰藉。当你真正去亲近树木了，很欢喜地亲近，奇迹就会发生，改变会让你惊喜。希望有更多的戒友把体验反馈给我，你的真实体验可以启发并帮助到更多的人。关于选择什么树木，就要看你所在的区域了，南方有南方的树，北方有北方的树，好树肯定有，就要看你自己的观察与体验了，多做几次体验，然后你就会找到你自己喜欢的那棵树。
下面分享一个答疑案例：
【飞翔大哥你好，戒色已有一段时间，但一直有JJ流液体的毛病，像昨天和相亲对象只是打电话聊天也会流好多（并没YY），然后今天就有睾丸坠胀腹部左下的位置胀疼的感觉，已经一天了好难受，之前也有过几次只是过一会就好些了。通过休息和坚持戒色会好转吗？还是需要去医院做个检查什么的？】
答：恩，你的问题很多戒友都反映过，和女友打电话会条件反射地漏，即使没聊敏感内容也会漏的。所以有女友是戒色的一大障碍，只要一漏，那就很容易出现症状反复。我建议你注意休养，积极锻炼，这样症状是会缓解的。如果症状持续难受，那就应该及时就医检查治疗，考虑前列腺炎了。加油！
分析：有女友戒色是比较麻烦些，而打电话漏，这种情况是比较多的，即使完全正常的电话也会漏，因为只要听见女人的声音那就很容易漏，属于条件反射。我以前的文章讲到过，不管漏什么，都有可能会出现症状反复。这个戒友就是如此，一漏身体马上就难受了。所以，有女友的戒友更应该加强学习，注意修心，在身体尚未完全恢复时，应该减少亲密，否则不利于你身体的恢复。老漏的话，可能还没结婚就废掉了，那结婚可能就是一场悲剧了，记得有几个已婚戒友就是因为废掉了才离婚的。
关于频遗问题，我再补充下：
在第一次遗精后要格外引起重视，要注意避免出现连续遗精，因为在第一次遗精后，固摄能力已经下降，所以很容易出现连续遗精的情况。这时候我们应该把固肾功做到位，但大家注意，我说的做到位，并不是让你猛冲猛打，如果睡前搞得太累，那也是可能导致遗精的。我们做固肾功要注意把握节奏，动作柔和，循序渐进，慢慢下压，切忌不可猛冲。有的戒友做固肾功过猛，结果把韧带给拉伤了，我们一定要注意热身，慢慢下去，动作保持柔和，节奏保持稳定，这样既不会拉伤韧带，也不会把自己搞得太累，这方面应该多注意才是。
吉祥卧的难点就是固定睡姿，很多人遗精醒来发现自己已经变为平躺了，古大德就专门强调过睡姿的固定，吉祥卧是需要练习的，甚至是绑着练。有戒友推荐在膝盖那放枕头，这也是一种办法，还有的戒友甚至在床上放箱子，就是为了固定睡姿，估计他是遗怕了。吉祥卧大家应该多加练习，其实也不是很难，慢慢就习惯了，刚开始固定睡姿可能有点困难，毕竟会有不舒服的感觉，练到最后就睡得很舒服了。
下面步入正题，这季就关于魔考，憋与射之间这两个主题详细论述一下，具体如下：
魔考这两个字，在我做的一张图片里有写到，相信很多戒友都看过，这季从魔考这个角度展开来讲讲。
所谓魔考，其实就是心魔的考验，戒色后心魔会时不时来考验你。考验你什么呢？考验你的觉悟和定力，学习提高觉悟，觉悟产生定力，靠什么降伏心魔？靠觉悟！有的戒友说，对待戒撸，要像对待高考或者考研那样，全力以赴地学习，每天学习每天复习，备战迎考，要拿出那种拼劲来学习戒色文章。我比较认同他这种观点，他有这种观点，其实就是深刻意识到了学习的重要性，只有学习可以提高觉悟，觉悟到了即可战胜心魔。我们对待戒撸也应该认真严肃点，不要马马虎虎地戒，其实戒撸比高考更残酷，戒不掉很可能就废掉了，实际情况是，很多人是废掉后才开始戒的，而高考失败，你的身体并不会废掉，还可以复读重考。
我们戒撸其实就像在考试，只不过我们的考官是心魔，是心魔在出卷子。每次破戒，就是考试不及格。魔考错一题就是不及格，所以比高考更难。但是通过每次破戒，我们可以看到自己的不足之处，然后找到正确答案，这样下次就能戒得更好。而很多戒友破戒了也不总结经验教训，也不分析破戒原因，每次都戒得很糊涂，学习也很马虎，这样要戒掉真的很难。回想我那时学习戒色文章的劲头，也的确像高考，我记得我高考时也没做过那么多笔记。有一颗渴望学习的心，并且能够养成良好的学习和复习习惯，让觉悟持续得到提升，这样坚持下去，彻底戒掉撸管就不是难事。其中的难点就在于持续，提高觉悟就像爬山，有的戒友爬到一半，不动了，出现了懒散和懈怠，没有动力和热情了，然后就是一连串的破戒，而且每次破戒，他都发现自己越戒越差。这其实就是单纯靠热情戒色，热情一消退，厌倦感一出现，马上就又掉入了破戒怪圈。要克服热情消退和戒色厌倦期，那就必须养成良好的学习习惯，养成了习惯，就无所谓厌倦不厌倦，就像你不会厌倦刷牙一样，因为已经成为固定的习惯了。
每天看看戒色文章和戒色笔记本，温故而知新，自己有所思考和领悟，这样觉悟就可以持续提升，并不一定要看新的戒色文章，复习才是学习之母。我那时就像一块海绵，疯狂吸收戒色知识，然后自己也在不断思考和领悟，当我达到戒色稳定期以后，我也没有放松，还一直在学习和悟道，因为我有一种求知的渴望感。直到现在，我也一直在学习，我家有很多书，其实每本书都和戒色理论相通，就看你能不能悟得到。提升觉悟最快的方式就是悟戒，当你真正领悟到一条戒色原理或者规律，觉悟就会提升一个层次。经常处在悟戒的思想状态下，觉悟就像坐电梯般飞升。当觉悟达到一定境界时，心魔就动不了你了，对于心魔出的任何题，你都可以正确应对。
关于心魔的怂恿，你是否能意识到这是心魔在怂恿你破戒，你是否能正确应对。有时心魔会怂恿你破戒，他不会直接诱惑你，而是怂恿你去破戒，心魔会帮你找破戒的借口。比如这样的念头：一周撸一次没事的，或者试试性功能恢复没有，又或者精液没营养的，憋着对身体不好。诸如这类念头很有迷惑性，在这些问题上如果认识不清，那就很可能会导致破戒。首先，对于这些问题一定要有正确的认识，其次就是一出现这类念头，马上就要意识到这是心魔在怂恿你破戒，对于这类怂恿的念头，我们也要做到念起即断，千万不可听从这类念头。心魔的怂恿其实也是心魔在给你出题，看你是否能正确应对，如果你很有觉悟，知道这是心魔在怂恿你，那么你就会坚决断掉这类念头。
撸管后会出现非常多的情况，五花八门，对于每一个常见的问题，我们都要有正确而清晰的认识。如果你有疑惑，那么就会导致疑惑破戒，如果你没意识到情绪管理的重要性，那就很可能出现情绪破戒。每次破戒后我们不应该气馁，而是应该从破戒中不断总结经验教训，这样下次才能避免犯同样的错误。其实很多戒友都是在犯同一个错误，比如每次遗精后都会破戒，其实他之所以遗精后会破戒，就是因为他对遗精没有正确的认识，在心魔的考卷上写了错误的答案，结果就是破戒。当你写了正确的答案，那就过关了，只要真正过关一次，那么就永久过关了，因为你知道如何正确应对了。就像一道难题，你知道正确答案，那就一辈子都会了。
当你出现破戒了，我可以肯定地告诉你，你在戒色的认识上还存在不足，因为认识上有缺陷或者误区，就会导致无法正确应对心魔的考核，继而就会出现破戒的情况。当你觉悟提升到一定的高度，对于心魔出的题，你基本都能正确应对了，那么你的戒色天数就会不断突破。心魔考官发现无法考倒你，他就会减少考核，就像被你驯服了一般，慢慢地，你就会进入戒色稳定期，一旦进入戒色稳定期，煎熬感就会随之消失，是否计算天数也无所谓了。进入戒色稳定期后，就不一定要每天学习了，但一定要保持警惕意识，有戒友戒了2年多，以为自己不会破戒了，然后一放松警惕，马上又开始破戒，所以警惕的螺丝千万不可松，对于怂恿的念头更要特别警惕。通过破戒，要认识到自己的不足之处，然后要补强认识上的不足，这样下次就会戒得更好，就像一件设计产品，经过上百次的修改完善，最终就会变得完美。记住，破戒是让自己的觉悟变得更强更完善，而不是一蹶不振，越戒越差。如果你不总结破戒的经验教训，那就会犯同样的错误，结果就是越戒越不行，越戒越气馁。飞机能飞上天，是经过无数次的修改和完善的结果，只要我们能保持进步，通过破戒意识到自己的不足，然后补强自己的不足，那么我们的觉悟就会变得越来越完善，面对心魔的考核就会成竹在胸，因为你已经掌握了所有的正确答案，不管心魔出什么题，都考不倒你。
为何会破戒？千说万说，还是觉悟不够。学习提高觉悟，觉悟产生定力！戒色成功=觉悟高+警惕强。没有其他办法，提高觉悟才是戒色的王道。而觉悟提高是自己努力学习的结果，没有人可以替代你。就像你看别人吃饭，永远也不会饱，你只有自己去学去吸收，觉悟才能持续提高。师父领进门修行在个人，只要你有一颗渴望学习的心，并且能养成良好的学习习惯，要彻底戒掉撸管并非难事，悟性高的戒友进步会很快，悟性差的戒友进步会慢些，但只要保持每天进步，迟早会迎来“大翻身”的。对于戒色吧的很多戒友，特别是新人，我观察过他们的帖子，其实很多人根本就没入门，还在一味地强戒和盲戒，而老戒友则是不厌其烦地向新人强调学习的重要性，试图把新人引入戒色的正轨，无奈有些新人根本听不进去，心态也比较浮躁，看不进戒色文章。有戒友就和我说过，以前因为心浮气躁看不进戒色文章，戒一段时间后，心能静下来了，这时看戒色文章才发现真的很管用，这时他才入了戒色的大门，以前连门在哪都没摸到，完全就是一个门外汉。
对待戒色，我们就像对待一场人生的考试，这是一场很残酷的考试，考试失败，很可能身体就废掉了。十几岁二十岁的身体相对好恢复些，毕竟年轻恢复快，到了三十岁，恢复速度将会变慢许多，到了四十岁恢复速度就更慢了，男人四十身体就正式开始衰败了。男走八，五八四十开始正式衰败；女走七，五七三十五开始正式衰败。所以，我们应该趁着年轻把撸管彻底戒掉，有一个好身体才是最关键的，当失去健康才会意识到健康的宝贵，健康的感觉比几千万几亿都珍贵，健康是花钱买不来的。对待魔考，我们不必害怕，心魔的考题就那些，你可以通过学习前辈经验来获取正确答案，有了正确答案，就不怕心魔来考你了。如果你的答案是错的或者你根本不知道答案，那么等待你的就是破戒，等待你的就是症状的折磨，这很现实，也很残酷，比任何考试都残酷，因为你一旦答错了，输掉的是健康、容貌和整个人生，同时也输掉了金钱，因为看病吃药是需要很多钱的。就这么残酷！对待魔考，你必须提起十二分的精神，像烈士一样戒撸，心够决！对自己够狠！正确应对魔考是你唯一的出路，答案就像密码，输入正确答案，你就过关了，否则就是破戒。
下面讲讲憋与射的问题
憋与射的问题，应该是每个戒友都会遇到的问题。憋与射的选择，其实就是心魔出的一道考题。这道题是选择题，当你做出错误选择时，那就会破戒。因为你心里没有正确答案，只有正确答案才能通过考验。这季我就把正确答案和大家分享一下。一般出现憋的情况，有以下几种：
1.梦遗最后时刻憋住或者憋回去一部分
2.撸而不射，就是在快射时停止
3.性生活时憋着不射
大家遇见最多的情况就是梦遗憋精，有些戒友本来戒得好好的，然后突然有一天梦遗憋精了，这时候他脑袋里跳出了一个想法：憋着不好，会导致炎症，憋着对身体有害，应该排掉。这个念头其实就是他看的有关文章里的观点。关于憋与射这个问题，其实正确答案就是两者都有害，憋精其实已经精失其位了，伤害已经造成了，很多戒友在憋精的第二天马上就会出现症状，一出现不适症状就更加重了他对憋精有害观点的认同，在这种观点的驱使下他就会破戒。
憋与射是一个两难的选择，之所以两难就是因为两者都有害，这时候我们就要学会权衡利弊了，就像把这两个选择放在天枰上，看哪个选择更合理。憋，容易出症状；射，其实也很容易出症状。但射对于戒色是很不利的，因为很可能会一发不可收拾，严重打击你的戒色信心。而憋精虽然会有不适的感觉，但只要注意休养几天，适量锻炼，这种不适的感觉就会消失。另外，憋精的情况毕竟不多，偶尔憋一次问题不大，如果经常憋精，那是很不好的。如果只是一月憋一次或者几月憋一次，那就不用放在心上，继续坚持戒色养生即可。如果你选择了射，那就完蛋了，你把自己的闸门一开，精泄掉不说，戒色的信心、勇气、士气都会一泄千里，很可能就找不到戒色的感觉了，可能要调整很久才能重新找回良好的戒色感觉。所以，我的主张就是选择憋，这是权衡利弊的结果。如果我选择射，那我肯定早就失败了。
当你在憋与射这个问题上认识不清，那么“憋精有害”的观点将变成心魔有力的怂恿，心魔会不断和你说憋精很有害，不如射掉。如果你一时糊涂，听信了心魔的怂恿，那么肯定会破戒，很多戒友就是在这个问题的理解上存在缺陷，结果就是不断破戒，悔恨不已。我曾经在以前文章里有讲过一句话：不管发生什么都不要破戒！请大家牢记这句真言，戒色之盾要够坚固，心魔之矛才不会攻破。
其实心魔和你之间是在进行一场拔河比赛，当你觉悟很少时，就像小孩和大人在拔河，根本不是心魔的对手，一拉就过去了。当你通过不断学习，觉悟提升了，你将变成少年，少年和成人是可以拔一拔的，但还是不行，毕竟心魔是成人，还不是心魔对手，还是会输掉。当你坚持学习下去，当你的觉悟变成大人了，这时候就可以和心魔抗衡一下了，戒色天数也会取得突破。当你继续学习提高觉悟，你的觉悟将会变成大力士，这时候心魔就很难打败你了。当你的觉悟变成大山时，心魔就动不了你了。这就是觉悟修炼的过程，通过拔河这个形象比喻，大家可以知道自己处在哪个层次。很多戒色新人无疑处在“小孩阶段”，被心魔一拔就过去了，根本不是对手，希望大家好好坚持学习提高觉悟，几乎每季我都会强调学习的重要性，特别是持续学习持续提高觉悟，觉悟修到了，自然可以如如不动，不被境牵，不为境转！
这季总结了35个问题，这些问题在我的文章里都有讲到，相信很多问题大家心里都有正确答案。提问的方式，可以很好地检验你学习戒色文章的吸收率，很多戒友看完戒色文章就忘记了，等于什么也没看，觉悟一点也没长进，所以吸收率是非常重要的，可以通过复习提高吸收率，也可以通过提问的方式检验吸收率，当你吃进去的戒色文章都消化吸收了，你的觉悟就会一天天变强大，觉悟变强才是戒色成功的硬道理。
附戒色考卷：
1.你对适度无害论的态度和理解。
2.出现憋精情况时，你会选择：
A.憋；B.射掉
3.遗精后应该注意什么？
4.破戒类型有哪些？
5.导致遗精的因素有哪些？
6.断意婬口诀是什么？
7.什么是欲望休眠期？
8.什么是戒断反应，具体有哪些？
9.遇见诱惑时正确的第一反应是什么？
10.什么是正确的戒色动机？
11.意婬的变化规律：
A.随着时间变强；B.随着时间变弱
12.手婬导致腰痛的原因？
13.手婬导致腿软的原因？
14.为什么撸管的人胆子会变小？
15.手婬为什么会导致脱发和白发？
16.撸管后为什么睾丸容易下垂？
17.戒色时你是否可以控制自己的情绪，是否能管理自己的情绪。
18.手婬为什么会导致脑力下降？
19.手婬为什么会导致鼻炎或者加重鼻炎？
20.如何克服戒色厌倦期？
21.为什么手婬后会变得嗜卧懒动，哈欠连天？
22.出现晨勃时，应该如何对待？
23.如何克服梦撸？
24.手婬为什么会使人变丑？
25.光看不撸是否有危害？
26.哪些念头是心魔的怂恿？
27.为什么意婬要在第一时间断掉？
28.精液的正常颜色是？
29.久坐和熬夜的危害是？
30.意婬的危害是什么？
31.进入戒色稳定期的标志是什么？
32.为何肾虚后大小便容易出问题？
33.为何手婬的人容易自卑？
34.撸管为什么会导致耳鸣？
35.靠什么降伏心魔？
这季推荐1本书：
《密勒日巴尊者传》，密勒日巴尊者是一位深受藏人爱戴的瑜珈修行者、哲人及诗人。在图画的描绘中，他往往以手支耳作聆听状。这象征了他凭借诗歌传达佛法智慧的方式。他的肤色泛绿，这是由于在多年的闭关静坐中，他常仅靠荨麻煮汤维生。对于佛教的发展而言，他亦有相当的重要性，他提供了一个凡人能在一世之间证道的实例。这本书我自己是比较喜欢的，也专门看过连续剧，拍得很不错，密勒日巴尊者的一生是一个传奇，这本书里的很多教言都值得反复研究和体味。
				
Traceback (most recent call last):
  File "/root/be-yourself/utils/get_many.py", line 32, in <module>
    title, content = get_one(url)
                     ^^^^^^^^^^^^
  File "/root/be-yourself/utils/get_many.py", line 14, in get_one
    response = requests.get(url, headers)
               ^^^^^^^^^^^^^^^^^^^^^^^^^^
  File "/root/be-yourself/myenv/lib/python3.12/site-packages/requests/api.py", line 73, in get
    return request("get", url, params=params, **kwargs)
           ^^^^^^^^^^^^^^^^^^^^^^^^^^^^^^^^^^^^^^^^^^^^
  File "/root/be-yourself/myenv/lib/python3.12/site-packages/requests/api.py", line 59, in request
    return session.request(method=method, url=url, **kwargs)
           ^^^^^^^^^^^^^^^^^^^^^^^^^^^^^^^^^^^^^^^^^^^^^^^^^
  File "/root/be-yourself/myenv/lib/python3.12/site-packages/requests/sessions.py", line 589, in request
    resp = self.send(prep, **send_kwargs)
           ^^^^^^^^^^^^^^^^^^^^^^^^^^^^^^
  File "/root/be-yourself/myenv/lib/python3.12/site-packages/requests/sessions.py", line 703, in send
    r = adapter.send(request, **kwargs)
        ^^^^^^^^^^^^^^^^^^^^^^^^^^^^^^^
  File "/root/be-yourself/myenv/lib/python3.12/site-packages/requests/adapters.py", line 667, in send
    resp = conn.urlopen(
           ^^^^^^^^^^^^^
  File "/root/be-yourself/myenv/lib/python3.12/site-packages/urllib3/connectionpool.py", line 789, in urlopen
    response = self._make_request(
               ^^^^^^^^^^^^^^^^^^^
  File "/root/be-yourself/myenv/lib/python3.12/site-packages/urllib3/connectionpool.py", line 536, in _make_request
    response = conn.getresponse()
               ^^^^^^^^^^^^^^^^^^
  File "/root/be-yourself/myenv/lib/python3.12/site-packages/urllib3/connection.py", line 507, in getresponse
    httplib_response = super().getresponse()
                       ^^^^^^^^^^^^^^^^^^^^^
  File "/usr/lib/python3.12/http/client.py", line 1428, in getresponse
    response.begin()
  File "/usr/lib/python3.12/http/client.py", line 331, in begin
    version, status, reason = self._read_status()
                              ^^^^^^^^^^^^^^^^^^^
  File "/usr/lib/python3.12/http/client.py", line 292, in _read_status
    line = str(self.fp.readline(_MAXLINE + 1), "iso-8859-1")
               ^^^^^^^^^^^^^^^^^^^^^^^^^^^^^^
  File "/usr/lib/python3.12/socket.py", line 707, in readinto
    return self._sock.recv_into(b)
           ^^^^^^^^^^^^^^^^^^^^^^^
  File "/usr/lib/python3.12/ssl.py", line 1252, in recv_into
    return self.read(nbytes, buffer)
           ^^^^^^^^^^^^^^^^^^^^^^^^^
  File "/usr/lib/python3.12/ssl.py", line 1104, in read
    return self._sslobj.read(len, buffer)
           ^^^^^^^^^^^^^^^^^^^^^^^^^^^^^^
KeyboardInterrupt
